Performing C++ SOURCE FILE Test HAS_LIBCPP failed with the following compile output:
Change Dir: /home/jakob/Documents/gdv/gdv/GDV_exercise08/build/CMakeFiles/CMakeTmp

Run Build Command(s):/usr/bin/gmake -f Makefile cmTC_6fab4/fast && /usr/bin/gmake  -f CMakeFiles/cmTC_6fab4.dir/build.make CMakeFiles/cmTC_6fab4.dir/build
gmake[1]: Entering directory '/home/jakob/Documents/gdv/gdv/GDV_exercise08/build/CMakeFiles/CMakeTmp'
Building CXX object CMakeFiles/cmTC_6fab4.dir/src.cxx.o
/usr/bin/clang++-14 -DHAS_LIBCPP  -stdlib=libc++ -std=gnu++20 -MD -MT CMakeFiles/cmTC_6fab4.dir/src.cxx.o -MF CMakeFiles/cmTC_6fab4.dir/src.cxx.o.d -o CMakeFiles/cmTC_6fab4.dir/src.cxx.o -c /home/jakob/Documents/gdv/gdv/GDV_exercise08/build/CMakeFiles/CMakeTmp/src.cxx
Linking CXX executable cmTC_6fab4
/usr/bin/cmake -E cmake_link_script CMakeFiles/cmTC_6fab4.dir/link.txt --verbose=1
/usr/bin/clang++-14  -stdlib=libc++ CMakeFiles/cmTC_6fab4.dir/src.cxx.o -o cmTC_6fab4  -stdlib=libc++ 
/usr/bin/ld: cannot find -lc++abi: No such file or directory
clang: error: linker command failed with exit code 1 (use -v to see invocation)
gmake[1]: *** [CMakeFiles/cmTC_6fab4.dir/build.make:100: cmTC_6fab4] Error 1
gmake[1]: Leaving directory '/home/jakob/Documents/gdv/gdv/GDV_exercise08/build/CMakeFiles/CMakeTmp'
gmake: *** [Makefile:127: cmTC_6fab4/fast] Error 2


...and run output:

Return value: 1
Source file was:
#include <iostream>
int main(int argc, char **argv) { std::cout << "test"; return 0; }
Performing C++ SOURCE FILE Test HAS_LIBCPP_AND_CPPABI failed with the following compile output:
Change Dir: /home/jakob/Documents/gdv/gdv/GDV_exercise08/build/CMakeFiles/CMakeTmp

Run Build Command(s):/usr/bin/gmake -f Makefile cmTC_c3244/fast && /usr/bin/gmake  -f CMakeFiles/cmTC_c3244.dir/build.make CMakeFiles/cmTC_c3244.dir/build
gmake[1]: Entering directory '/home/jakob/Documents/gdv/gdv/GDV_exercise08/build/CMakeFiles/CMakeTmp'
Building CXX object CMakeFiles/cmTC_c3244.dir/src.cxx.o
/usr/bin/clang++-14 -DHAS_LIBCPP_AND_CPPABI  -stdlib=libc++ -std=gnu++20 -MD -MT CMakeFiles/cmTC_c3244.dir/src.cxx.o -MF CMakeFiles/cmTC_c3244.dir/src.cxx.o.d -o CMakeFiles/cmTC_c3244.dir/src.cxx.o -c /home/jakob/Documents/gdv/gdv/GDV_exercise08/build/CMakeFiles/CMakeTmp/src.cxx
Linking CXX executable cmTC_c3244
/usr/bin/cmake -E cmake_link_script CMakeFiles/cmTC_c3244.dir/link.txt --verbose=1
/usr/bin/clang++-14  -stdlib=libc++ CMakeFiles/cmTC_c3244.dir/src.cxx.o -o cmTC_c3244  -stdlib=libc++ -lc++abi 
/usr/bin/ld: cannot find -lc++abi: No such file or directory
/usr/bin/ld: cannot find -lc++abi: No such file or directory
clang: error: linker command failed with exit code 1 (use -v to see invocation)
gmake[1]: *** [CMakeFiles/cmTC_c3244.dir/build.make:100: cmTC_c3244] Error 1
gmake[1]: Leaving directory '/home/jakob/Documents/gdv/gdv/GDV_exercise08/build/CMakeFiles/CMakeTmp'
gmake: *** [Makefile:127: cmTC_c3244/fast] Error 2


...and run output:

Return value: 1
Source file was:
#include <iostream>
int main(int argc, char **argv) { std::cout << "test"; return 0; }
Detecting C OpenMP failed with the following output:
Change Dir: /home/jakob/Documents/gdv/gdv/GDV_exercise08/build/CMakeFiles/CMakeTmp

Run Build Command(s):/usr/bin/gmake -f Makefile cmTC_f59e8/fast && /usr/bin/gmake  -f CMakeFiles/cmTC_f59e8.dir/build.make CMakeFiles/cmTC_f59e8.dir/build
gmake[1]: Entering directory '/home/jakob/Documents/gdv/gdv/GDV_exercise08/build/CMakeFiles/CMakeTmp'
Building C object CMakeFiles/cmTC_f59e8.dir/OpenMPTryFlag.c.o
/usr/bin/clang-14   -fopenmp=libomp -v -MD -MT CMakeFiles/cmTC_f59e8.dir/OpenMPTryFlag.c.o -MF CMakeFiles/cmTC_f59e8.dir/OpenMPTryFlag.c.o.d -o CMakeFiles/cmTC_f59e8.dir/OpenMPTryFlag.c.o -c /home/jakob/Documents/gdv/gdv/GDV_exercise08/build/CMakeFiles/FindOpenMP/OpenMPTryFlag.c
Ubuntu clang version 14.0.0-1ubuntu1
Target: x86_64-pc-linux-gnu
Thread model: posix
InstalledDir: /usr/bin
Found candidate GCC installation: /usr/bin/../lib/gcc/x86_64-linux-gnu/11
Selected GCC installation: /usr/bin/../lib/gcc/x86_64-linux-gnu/11
Candidate multilib: .;@m64
Selected multilib: .;@m64
 (in-process)
 "/usr/lib/llvm-14/bin/clang" -cc1 -triple x86_64-pc-linux-gnu -emit-obj -mrelax-all --mrelax-relocations -disable-free -clear-ast-before-backend -disable-llvm-verifier -discard-value-names -main-file-name OpenMPTryFlag.c -mrelocation-model pic -pic-level 2 -pic-is-pie -mframe-pointer=all -fmath-errno -ffp-contract=on -fno-rounding-math -mconstructor-aliases -funwind-tables=2 -target-cpu x86-64 -tune-cpu generic -mllvm -treat-scalable-fixed-error-as-warning -debugger-tuning=gdb -v -fcoverage-compilation-dir=/home/jakob/Documents/gdv/gdv/GDV_exercise08/build/CMakeFiles/CMakeTmp -resource-dir /usr/lib/llvm-14/lib/clang/14.0.0 -dependency-file CMakeFiles/cmTC_f59e8.dir/OpenMPTryFlag.c.o.d -MT CMakeFiles/cmTC_f59e8.dir/OpenMPTryFlag.c.o -sys-header-deps -internal-isystem /usr/lib/llvm-14/lib/clang/14.0.0/include -internal-isystem /usr/local/include -internal-isystem /usr/bin/../lib/gcc/x86_64-linux-gnu/11/../../../../x86_64-linux-gnu/include -internal-externc-isystem /usr/include/x86_64-linux-gnu -internal-externc-isystem /include -internal-externc-isystem /usr/include -fdebug-compilation-dir=/home/jakob/Documents/gdv/gdv/GDV_exercise08/build/CMakeFiles/CMakeTmp -ferror-limit 19 -fopenmp -fopenmp-target-new-runtime -fgnuc-version=4.2.1 -faddrsig -D__GCC_HAVE_DWARF2_CFI_ASM=1 -o CMakeFiles/cmTC_f59e8.dir/OpenMPTryFlag.c.o -x c /home/jakob/Documents/gdv/gdv/GDV_exercise08/build/CMakeFiles/FindOpenMP/OpenMPTryFlag.c
clang -cc1 version 14.0.0 based upon LLVM 14.0.0 default target x86_64-pc-linux-gnu
ignoring nonexistent directory "/usr/bin/../lib/gcc/x86_64-linux-gnu/11/../../../../x86_64-linux-gnu/include"
ignoring nonexistent directory "/include"
#include "..." search starts here:
#include <...> search starts here:
 /usr/lib/llvm-14/lib/clang/14.0.0/include
 /usr/local/include
 /usr/include/x86_64-linux-gnu
 /usr/include
End of search list.
/home/jakob/Documents/gdv/gdv/GDV_exercise08/build/CMakeFiles/FindOpenMP/OpenMPTryFlag.c:2:10: fatal error: 'omp.h' file not found
#include <omp.h>
         ^~~~~~~
1 error generated.
gmake[1]: *** [CMakeFiles/cmTC_f59e8.dir/build.make:79: CMakeFiles/cmTC_f59e8.dir/OpenMPTryFlag.c.o] Error 1
gmake[1]: Leaving directory '/home/jakob/Documents/gdv/gdv/GDV_exercise08/build/CMakeFiles/CMakeTmp'
gmake: *** [Makefile:127: cmTC_f59e8/fast] Error 2



Detecting C OpenMP failed with the following output:
Change Dir: /home/jakob/Documents/gdv/gdv/GDV_exercise08/build/CMakeFiles/CMakeTmp

Run Build Command(s):/usr/bin/gmake -f Makefile cmTC_39649/fast && /usr/bin/gmake  -f CMakeFiles/cmTC_39649.dir/build.make CMakeFiles/cmTC_39649.dir/build
gmake[1]: Entering directory '/home/jakob/Documents/gdv/gdv/GDV_exercise08/build/CMakeFiles/CMakeTmp'
Building C object CMakeFiles/cmTC_39649.dir/OpenMPTryFlag.c.o
/usr/bin/clang-14   -fopenmp=libiomp5 -v -MD -MT CMakeFiles/cmTC_39649.dir/OpenMPTryFlag.c.o -MF CMakeFiles/cmTC_39649.dir/OpenMPTryFlag.c.o.d -o CMakeFiles/cmTC_39649.dir/OpenMPTryFlag.c.o -c /home/jakob/Documents/gdv/gdv/GDV_exercise08/build/CMakeFiles/FindOpenMP/OpenMPTryFlag.c
Ubuntu clang version 14.0.0-1ubuntu1
Target: x86_64-pc-linux-gnu
Thread model: posix
InstalledDir: /usr/bin
Found candidate GCC installation: /usr/bin/../lib/gcc/x86_64-linux-gnu/11
Selected GCC installation: /usr/bin/../lib/gcc/x86_64-linux-gnu/11
Candidate multilib: .;@m64
Selected multilib: .;@m64
 (in-process)
 "/usr/lib/llvm-14/bin/clang" -cc1 -triple x86_64-pc-linux-gnu -emit-obj -mrelax-all --mrelax-relocations -disable-free -clear-ast-before-backend -disable-llvm-verifier -discard-value-names -main-file-name OpenMPTryFlag.c -mrelocation-model pic -pic-level 2 -pic-is-pie -mframe-pointer=all -fmath-errno -ffp-contract=on -fno-rounding-math -mconstructor-aliases -funwind-tables=2 -target-cpu x86-64 -tune-cpu generic -mllvm -treat-scalable-fixed-error-as-warning -debugger-tuning=gdb -v -fcoverage-compilation-dir=/home/jakob/Documents/gdv/gdv/GDV_exercise08/build/CMakeFiles/CMakeTmp -resource-dir /usr/lib/llvm-14/lib/clang/14.0.0 -dependency-file CMakeFiles/cmTC_39649.dir/OpenMPTryFlag.c.o.d -MT CMakeFiles/cmTC_39649.dir/OpenMPTryFlag.c.o -sys-header-deps -internal-isystem /usr/lib/llvm-14/lib/clang/14.0.0/include -internal-isystem /usr/local/include -internal-isystem /usr/bin/../lib/gcc/x86_64-linux-gnu/11/../../../../x86_64-linux-gnu/include -internal-externc-isystem /usr/include/x86_64-linux-gnu -internal-externc-isystem /include -internal-externc-isystem /usr/include -fdebug-compilation-dir=/home/jakob/Documents/gdv/gdv/GDV_exercise08/build/CMakeFiles/CMakeTmp -ferror-limit 19 -fopenmp -fopenmp-target-new-runtime -fgnuc-version=4.2.1 -faddrsig -D__GCC_HAVE_DWARF2_CFI_ASM=1 -o CMakeFiles/cmTC_39649.dir/OpenMPTryFlag.c.o -x c /home/jakob/Documents/gdv/gdv/GDV_exercise08/build/CMakeFiles/FindOpenMP/OpenMPTryFlag.c
clang -cc1 version 14.0.0 based upon LLVM 14.0.0 default target x86_64-pc-linux-gnu
ignoring nonexistent directory "/usr/bin/../lib/gcc/x86_64-linux-gnu/11/../../../../x86_64-linux-gnu/include"
ignoring nonexistent directory "/include"
#include "..." search starts here:
#include <...> search starts here:
 /usr/lib/llvm-14/lib/clang/14.0.0/include
 /usr/local/include
 /usr/include/x86_64-linux-gnu
 /usr/include
End of search list.
/home/jakob/Documents/gdv/gdv/GDV_exercise08/build/CMakeFiles/FindOpenMP/OpenMPTryFlag.c:2:10: fatal error: 'omp.h' file not found
#include <omp.h>
         ^~~~~~~
1 error generated.
gmake[1]: *** [CMakeFiles/cmTC_39649.dir/build.make:79: CMakeFiles/cmTC_39649.dir/OpenMPTryFlag.c.o] Error 1
gmake[1]: Leaving directory '/home/jakob/Documents/gdv/gdv/GDV_exercise08/build/CMakeFiles/CMakeTmp'
gmake: *** [Makefile:127: cmTC_39649/fast] Error 2



Detecting C OpenMP failed with the following output:
Change Dir: /home/jakob/Documents/gdv/gdv/GDV_exercise08/build/CMakeFiles/CMakeTmp

Run Build Command(s):/usr/bin/gmake -f Makefile cmTC_196cc/fast && /usr/bin/gmake  -f CMakeFiles/cmTC_196cc.dir/build.make CMakeFiles/cmTC_196cc.dir/build
gmake[1]: Entering directory '/home/jakob/Documents/gdv/gdv/GDV_exercise08/build/CMakeFiles/CMakeTmp'
Building C object CMakeFiles/cmTC_196cc.dir/OpenMPTryFlag.c.o
/usr/bin/clang-14   -fopenmp -v -MD -MT CMakeFiles/cmTC_196cc.dir/OpenMPTryFlag.c.o -MF CMakeFiles/cmTC_196cc.dir/OpenMPTryFlag.c.o.d -o CMakeFiles/cmTC_196cc.dir/OpenMPTryFlag.c.o -c /home/jakob/Documents/gdv/gdv/GDV_exercise08/build/CMakeFiles/FindOpenMP/OpenMPTryFlag.c
Ubuntu clang version 14.0.0-1ubuntu1
Target: x86_64-pc-linux-gnu
Thread model: posix
InstalledDir: /usr/bin
Found candidate GCC installation: /usr/bin/../lib/gcc/x86_64-linux-gnu/11
Selected GCC installation: /usr/bin/../lib/gcc/x86_64-linux-gnu/11
Candidate multilib: .;@m64
Selected multilib: .;@m64
 (in-process)
 "/usr/lib/llvm-14/bin/clang" -cc1 -triple x86_64-pc-linux-gnu -emit-obj -mrelax-all --mrelax-relocations -disable-free -clear-ast-before-backend -disable-llvm-verifier -discard-value-names -main-file-name OpenMPTryFlag.c -mrelocation-model pic -pic-level 2 -pic-is-pie -mframe-pointer=all -fmath-errno -ffp-contract=on -fno-rounding-math -mconstructor-aliases -funwind-tables=2 -target-cpu x86-64 -tune-cpu generic -mllvm -treat-scalable-fixed-error-as-warning -debugger-tuning=gdb -v -fcoverage-compilation-dir=/home/jakob/Documents/gdv/gdv/GDV_exercise08/build/CMakeFiles/CMakeTmp -resource-dir /usr/lib/llvm-14/lib/clang/14.0.0 -dependency-file CMakeFiles/cmTC_196cc.dir/OpenMPTryFlag.c.o.d -MT CMakeFiles/cmTC_196cc.dir/OpenMPTryFlag.c.o -sys-header-deps -internal-isystem /usr/lib/llvm-14/lib/clang/14.0.0/include -internal-isystem /usr/local/include -internal-isystem /usr/bin/../lib/gcc/x86_64-linux-gnu/11/../../../../x86_64-linux-gnu/include -internal-externc-isystem /usr/include/x86_64-linux-gnu -internal-externc-isystem /include -internal-externc-isystem /usr/include -fdebug-compilation-dir=/home/jakob/Documents/gdv/gdv/GDV_exercise08/build/CMakeFiles/CMakeTmp -ferror-limit 19 -fopenmp -fopenmp-target-new-runtime -fgnuc-version=4.2.1 -faddrsig -D__GCC_HAVE_DWARF2_CFI_ASM=1 -o CMakeFiles/cmTC_196cc.dir/OpenMPTryFlag.c.o -x c /home/jakob/Documents/gdv/gdv/GDV_exercise08/build/CMakeFiles/FindOpenMP/OpenMPTryFlag.c
clang -cc1 version 14.0.0 based upon LLVM 14.0.0 default target x86_64-pc-linux-gnu
ignoring nonexistent directory "/usr/bin/../lib/gcc/x86_64-linux-gnu/11/../../../../x86_64-linux-gnu/include"
ignoring nonexistent directory "/include"
#include "..." search starts here:
#include <...> search starts here:
 /usr/lib/llvm-14/lib/clang/14.0.0/include
 /usr/local/include
 /usr/include/x86_64-linux-gnu
 /usr/include
End of search list.
/home/jakob/Documents/gdv/gdv/GDV_exercise08/build/CMakeFiles/FindOpenMP/OpenMPTryFlag.c:2:10: fatal error: 'omp.h' file not found
#include <omp.h>
         ^~~~~~~
1 error generated.
gmake[1]: *** [CMakeFiles/cmTC_196cc.dir/build.make:79: CMakeFiles/cmTC_196cc.dir/OpenMPTryFlag.c.o] Error 1
gmake[1]: Leaving directory '/home/jakob/Documents/gdv/gdv/GDV_exercise08/build/CMakeFiles/CMakeTmp'
gmake: *** [Makefile:127: cmTC_196cc/fast] Error 2



Detecting C OpenMP failed with the following output:
Change Dir: /home/jakob/Documents/gdv/gdv/GDV_exercise08/build/CMakeFiles/CMakeTmp

Run Build Command(s):/usr/bin/gmake -f Makefile cmTC_056a8/fast && /usr/bin/gmake  -f CMakeFiles/cmTC_056a8.dir/build.make CMakeFiles/cmTC_056a8.dir/build
gmake[1]: Entering directory '/home/jakob/Documents/gdv/gdv/GDV_exercise08/build/CMakeFiles/CMakeTmp'
Building C object CMakeFiles/cmTC_056a8.dir/OpenMPTryFlag.c.o
/usr/bin/clang-14   -Xclang -fopenmp -v -MD -MT CMakeFiles/cmTC_056a8.dir/OpenMPTryFlag.c.o -MF CMakeFiles/cmTC_056a8.dir/OpenMPTryFlag.c.o.d -o CMakeFiles/cmTC_056a8.dir/OpenMPTryFlag.c.o -c /home/jakob/Documents/gdv/gdv/GDV_exercise08/build/CMakeFiles/FindOpenMP/OpenMPTryFlag.c
Ubuntu clang version 14.0.0-1ubuntu1
Target: x86_64-pc-linux-gnu
Thread model: posix
InstalledDir: /usr/bin
Found candidate GCC installation: /usr/bin/../lib/gcc/x86_64-linux-gnu/11
Selected GCC installation: /usr/bin/../lib/gcc/x86_64-linux-gnu/11
Candidate multilib: .;@m64
Selected multilib: .;@m64
 (in-process)
 "/usr/lib/llvm-14/bin/clang" -cc1 -triple x86_64-pc-linux-gnu -emit-obj -mrelax-all --mrelax-relocations -disable-free -clear-ast-before-backend -disable-llvm-verifier -discard-value-names -main-file-name OpenMPTryFlag.c -mrelocation-model pic -pic-level 2 -pic-is-pie -mframe-pointer=all -fmath-errno -ffp-contract=on -fno-rounding-math -mconstructor-aliases -funwind-tables=2 -target-cpu x86-64 -tune-cpu generic -mllvm -treat-scalable-fixed-error-as-warning -debugger-tuning=gdb -v -fcoverage-compilation-dir=/home/jakob/Documents/gdv/gdv/GDV_exercise08/build/CMakeFiles/CMakeTmp -resource-dir /usr/lib/llvm-14/lib/clang/14.0.0 -dependency-file CMakeFiles/cmTC_056a8.dir/OpenMPTryFlag.c.o.d -MT CMakeFiles/cmTC_056a8.dir/OpenMPTryFlag.c.o -sys-header-deps -internal-isystem /usr/lib/llvm-14/lib/clang/14.0.0/include -internal-isystem /usr/local/include -internal-isystem /usr/bin/../lib/gcc/x86_64-linux-gnu/11/../../../../x86_64-linux-gnu/include -internal-externc-isystem /usr/include/x86_64-linux-gnu -internal-externc-isystem /include -internal-externc-isystem /usr/include -fdebug-compilation-dir=/home/jakob/Documents/gdv/gdv/GDV_exercise08/build/CMakeFiles/CMakeTmp -ferror-limit 19 -fgnuc-version=4.2.1 -fopenmp -faddrsig -D__GCC_HAVE_DWARF2_CFI_ASM=1 -o CMakeFiles/cmTC_056a8.dir/OpenMPTryFlag.c.o -x c /home/jakob/Documents/gdv/gdv/GDV_exercise08/build/CMakeFiles/FindOpenMP/OpenMPTryFlag.c
clang -cc1 version 14.0.0 based upon LLVM 14.0.0 default target x86_64-pc-linux-gnu
ignoring nonexistent directory "/usr/bin/../lib/gcc/x86_64-linux-gnu/11/../../../../x86_64-linux-gnu/include"
ignoring nonexistent directory "/include"
#include "..." search starts here:
#include <...> search starts here:
 /usr/lib/llvm-14/lib/clang/14.0.0/include
 /usr/local/include
 /usr/include/x86_64-linux-gnu
 /usr/include
End of search list.
/home/jakob/Documents/gdv/gdv/GDV_exercise08/build/CMakeFiles/FindOpenMP/OpenMPTryFlag.c:2:10: fatal error: 'omp.h' file not found
#include <omp.h>
         ^~~~~~~
1 error generated.
gmake[1]: *** [CMakeFiles/cmTC_056a8.dir/build.make:79: CMakeFiles/cmTC_056a8.dir/OpenMPTryFlag.c.o] Error 1
gmake[1]: Leaving directory '/home/jakob/Documents/gdv/gdv/GDV_exercise08/build/CMakeFiles/CMakeTmp'
gmake: *** [Makefile:127: cmTC_056a8/fast] Error 2



Detecting CXX OpenMP failed with the following output:
Change Dir: /home/jakob/Documents/gdv/gdv/GDV_exercise08/build/CMakeFiles/CMakeTmp

Run Build Command(s):/usr/bin/gmake -f Makefile cmTC_3da3a/fast && /usr/bin/gmake  -f CMakeFiles/cmTC_3da3a.dir/build.make CMakeFiles/cmTC_3da3a.dir/build
gmake[1]: Entering directory '/home/jakob/Documents/gdv/gdv/GDV_exercise08/build/CMakeFiles/CMakeTmp'
Building CXX object CMakeFiles/cmTC_3da3a.dir/OpenMPTryFlag.cpp.o
/usr/bin/clang++-14   -stdlib=libstdc++ -Wall -Wextra -Wno-unused-parameter -Wno-gnu-anonymous-struct -Wno-c99-extensions -Wno-nested-anon-types -Wno-deprecated-register -fopenmp=libomp -v -std=gnu++20 -MD -MT CMakeFiles/cmTC_3da3a.dir/OpenMPTryFlag.cpp.o -MF CMakeFiles/cmTC_3da3a.dir/OpenMPTryFlag.cpp.o.d -o CMakeFiles/cmTC_3da3a.dir/OpenMPTryFlag.cpp.o -c /home/jakob/Documents/gdv/gdv/GDV_exercise08/build/CMakeFiles/FindOpenMP/OpenMPTryFlag.cpp
Ubuntu clang version 14.0.0-1ubuntu1
Target: x86_64-pc-linux-gnu
Thread model: posix
InstalledDir: /usr/bin
Found candidate GCC installation: /usr/bin/../lib/gcc/x86_64-linux-gnu/11
Selected GCC installation: /usr/bin/../lib/gcc/x86_64-linux-gnu/11
Candidate multilib: .;@m64
Selected multilib: .;@m64
 (in-process)
 "/usr/lib/llvm-14/bin/clang" -cc1 -triple x86_64-pc-linux-gnu -emit-obj -mrelax-all --mrelax-relocations -disable-free -clear-ast-before-backend -disable-llvm-verifier -discard-value-names -main-file-name OpenMPTryFlag.cpp -mrelocation-model pic -pic-level 2 -pic-is-pie -mframe-pointer=all -fmath-errno -ffp-contract=on -fno-rounding-math -mconstructor-aliases -funwind-tables=2 -target-cpu x86-64 -tune-cpu generic -mllvm -treat-scalable-fixed-error-as-warning -debugger-tuning=gdb -v -fcoverage-compilation-dir=/home/jakob/Documents/gdv/gdv/GDV_exercise08/build/CMakeFiles/CMakeTmp -resource-dir /usr/lib/llvm-14/lib/clang/14.0.0 -dependency-file CMakeFiles/cmTC_3da3a.dir/OpenMPTryFlag.cpp.o.d -MT CMakeFiles/cmTC_3da3a.dir/OpenMPTryFlag.cpp.o -sys-header-deps -internal-isystem /usr/bin/../lib/gcc/x86_64-linux-gnu/11/../../../../include/c++/11 -internal-isystem /usr/bin/../lib/gcc/x86_64-linux-gnu/11/../../../../include/x86_64-linux-gnu/c++/11 -internal-isystem /usr/bin/../lib/gcc/x86_64-linux-gnu/11/../../../../include/c++/11/backward -internal-isystem /usr/lib/llvm-14/lib/clang/14.0.0/include -internal-isystem /usr/local/include -internal-isystem /usr/bin/../lib/gcc/x86_64-linux-gnu/11/../../../../x86_64-linux-gnu/include -internal-externc-isystem /usr/include/x86_64-linux-gnu -internal-externc-isystem /include -internal-externc-isystem /usr/include -Wall -Wextra -Wno-unused-parameter -Wno-gnu-anonymous-struct -Wno-c99-extensions -Wno-nested-anon-types -Wno-deprecated-register -std=gnu++20 -fdeprecated-macro -fdebug-compilation-dir=/home/jakob/Documents/gdv/gdv/GDV_exercise08/build/CMakeFiles/CMakeTmp -ferror-limit 19 -fopenmp -fopenmp-target-new-runtime -fgnuc-version=4.2.1 -fcxx-exceptions -fexceptions -faddrsig -D__GCC_HAVE_DWARF2_CFI_ASM=1 -o CMakeFiles/cmTC_3da3a.dir/OpenMPTryFlag.cpp.o -x c++ /home/jakob/Documents/gdv/gdv/GDV_exercise08/build/CMakeFiles/FindOpenMP/OpenMPTryFlag.cpp
clang -cc1 version 14.0.0 based upon LLVM 14.0.0 default target x86_64-pc-linux-gnu
ignoring nonexistent directory "/usr/bin/../lib/gcc/x86_64-linux-gnu/11/../../../../x86_64-linux-gnu/include"
ignoring nonexistent directory "/include"
#include "..." search starts here:
#include <...> search starts here:
 /usr/bin/../lib/gcc/x86_64-linux-gnu/11/../../../../include/c++/11
 /usr/bin/../lib/gcc/x86_64-linux-gnu/11/../../../../include/x86_64-linux-gnu/c++/11
 /usr/bin/../lib/gcc/x86_64-linux-gnu/11/../../../../include/c++/11/backward
 /usr/lib/llvm-14/lib/clang/14.0.0/include
 /usr/local/include
 /usr/include/x86_64-linux-gnu
 /usr/include
End of search list.
/home/jakob/Documents/gdv/gdv/GDV_exercise08/build/CMakeFiles/FindOpenMP/OpenMPTryFlag.cpp:2:10: fatal error: 'omp.h' file not found
#include <omp.h>
         ^~~~~~~
1 error generated.
gmake[1]: *** [CMakeFiles/cmTC_3da3a.dir/build.make:79: CMakeFiles/cmTC_3da3a.dir/OpenMPTryFlag.cpp.o] Error 1
gmake[1]: Leaving directory '/home/jakob/Documents/gdv/gdv/GDV_exercise08/build/CMakeFiles/CMakeTmp'
gmake: *** [Makefile:127: cmTC_3da3a/fast] Error 2



Detecting CXX OpenMP failed with the following output:
Change Dir: /home/jakob/Documents/gdv/gdv/GDV_exercise08/build/CMakeFiles/CMakeTmp

Run Build Command(s):/usr/bin/gmake -f Makefile cmTC_d48cd/fast && /usr/bin/gmake  -f CMakeFiles/cmTC_d48cd.dir/build.make CMakeFiles/cmTC_d48cd.dir/build
gmake[1]: Entering directory '/home/jakob/Documents/gdv/gdv/GDV_exercise08/build/CMakeFiles/CMakeTmp'
Building CXX object CMakeFiles/cmTC_d48cd.dir/OpenMPTryFlag.cpp.o
/usr/bin/clang++-14   -stdlib=libstdc++ -Wall -Wextra -Wno-unused-parameter -Wno-gnu-anonymous-struct -Wno-c99-extensions -Wno-nested-anon-types -Wno-deprecated-register -fopenmp=libiomp5 -v -std=gnu++20 -MD -MT CMakeFiles/cmTC_d48cd.dir/OpenMPTryFlag.cpp.o -MF CMakeFiles/cmTC_d48cd.dir/OpenMPTryFlag.cpp.o.d -o CMakeFiles/cmTC_d48cd.dir/OpenMPTryFlag.cpp.o -c /home/jakob/Documents/gdv/gdv/GDV_exercise08/build/CMakeFiles/FindOpenMP/OpenMPTryFlag.cpp
Ubuntu clang version 14.0.0-1ubuntu1
Target: x86_64-pc-linux-gnu
Thread model: posix
InstalledDir: /usr/bin
Found candidate GCC installation: /usr/bin/../lib/gcc/x86_64-linux-gnu/11
Selected GCC installation: /usr/bin/../lib/gcc/x86_64-linux-gnu/11
Candidate multilib: .;@m64
Selected multilib: .;@m64
 (in-process)
 "/usr/lib/llvm-14/bin/clang" -cc1 -triple x86_64-pc-linux-gnu -emit-obj -mrelax-all --mrelax-relocations -disable-free -clear-ast-before-backend -disable-llvm-verifier -discard-value-names -main-file-name OpenMPTryFlag.cpp -mrelocation-model pic -pic-level 2 -pic-is-pie -mframe-pointer=all -fmath-errno -ffp-contract=on -fno-rounding-math -mconstructor-aliases -funwind-tables=2 -target-cpu x86-64 -tune-cpu generic -mllvm -treat-scalable-fixed-error-as-warning -debugger-tuning=gdb -v -fcoverage-compilation-dir=/home/jakob/Documents/gdv/gdv/GDV_exercise08/build/CMakeFiles/CMakeTmp -resource-dir /usr/lib/llvm-14/lib/clang/14.0.0 -dependency-file CMakeFiles/cmTC_d48cd.dir/OpenMPTryFlag.cpp.o.d -MT CMakeFiles/cmTC_d48cd.dir/OpenMPTryFlag.cpp.o -sys-header-deps -internal-isystem /usr/bin/../lib/gcc/x86_64-linux-gnu/11/../../../../include/c++/11 -internal-isystem /usr/bin/../lib/gcc/x86_64-linux-gnu/11/../../../../include/x86_64-linux-gnu/c++/11 -internal-isystem /usr/bin/../lib/gcc/x86_64-linux-gnu/11/../../../../include/c++/11/backward -internal-isystem /usr/lib/llvm-14/lib/clang/14.0.0/include -internal-isystem /usr/local/include -internal-isystem /usr/bin/../lib/gcc/x86_64-linux-gnu/11/../../../../x86_64-linux-gnu/include -internal-externc-isystem /usr/include/x86_64-linux-gnu -internal-externc-isystem /include -internal-externc-isystem /usr/include -Wall -Wextra -Wno-unused-parameter -Wno-gnu-anonymous-struct -Wno-c99-extensions -Wno-nested-anon-types -Wno-deprecated-register -std=gnu++20 -fdeprecated-macro -fdebug-compilation-dir=/home/jakob/Documents/gdv/gdv/GDV_exercise08/build/CMakeFiles/CMakeTmp -ferror-limit 19 -fopenmp -fopenmp-target-new-runtime -fgnuc-version=4.2.1 -fcxx-exceptions -fexceptions -faddrsig -D__GCC_HAVE_DWARF2_CFI_ASM=1 -o CMakeFiles/cmTC_d48cd.dir/OpenMPTryFlag.cpp.o -x c++ /home/jakob/Documents/gdv/gdv/GDV_exercise08/build/CMakeFiles/FindOpenMP/OpenMPTryFlag.cpp
clang -cc1 version 14.0.0 based upon LLVM 14.0.0 default target x86_64-pc-linux-gnu
ignoring nonexistent directory "/usr/bin/../lib/gcc/x86_64-linux-gnu/11/../../../../x86_64-linux-gnu/include"
ignoring nonexistent directory "/include"
#include "..." search starts here:
#include <...> search starts here:
 /usr/bin/../lib/gcc/x86_64-linux-gnu/11/../../../../include/c++/11
 /usr/bin/../lib/gcc/x86_64-linux-gnu/11/../../../../include/x86_64-linux-gnu/c++/11
 /usr/bin/../lib/gcc/x86_64-linux-gnu/11/../../../../include/c++/11/backward
 /usr/lib/llvm-14/lib/clang/14.0.0/include
 /usr/local/include
 /usr/include/x86_64-linux-gnu
 /usr/include
End of search list.
/home/jakob/Documents/gdv/gdv/GDV_exercise08/build/CMakeFiles/FindOpenMP/OpenMPTryFlag.cpp:2:10: fatal error: 'omp.h' file not found
#include <omp.h>
         ^~~~~~~
1 error generated.
gmake[1]: *** [CMakeFiles/cmTC_d48cd.dir/build.make:79: CMakeFiles/cmTC_d48cd.dir/OpenMPTryFlag.cpp.o] Error 1
gmake[1]: Leaving directory '/home/jakob/Documents/gdv/gdv/GDV_exercise08/build/CMakeFiles/CMakeTmp'
gmake: *** [Makefile:127: cmTC_d48cd/fast] Error 2



Detecting CXX OpenMP failed with the following output:
Change Dir: /home/jakob/Documents/gdv/gdv/GDV_exercise08/build/CMakeFiles/CMakeTmp

Run Build Command(s):/usr/bin/gmake -f Makefile cmTC_e0038/fast && /usr/bin/gmake  -f CMakeFiles/cmTC_e0038.dir/build.make CMakeFiles/cmTC_e0038.dir/build
gmake[1]: Entering directory '/home/jakob/Documents/gdv/gdv/GDV_exercise08/build/CMakeFiles/CMakeTmp'
Building CXX object CMakeFiles/cmTC_e0038.dir/OpenMPTryFlag.cpp.o
/usr/bin/clang++-14   -stdlib=libstdc++ -Wall -Wextra -Wno-unused-parameter -Wno-gnu-anonymous-struct -Wno-c99-extensions -Wno-nested-anon-types -Wno-deprecated-register -fopenmp -v -std=gnu++20 -MD -MT CMakeFiles/cmTC_e0038.dir/OpenMPTryFlag.cpp.o -MF CMakeFiles/cmTC_e0038.dir/OpenMPTryFlag.cpp.o.d -o CMakeFiles/cmTC_e0038.dir/OpenMPTryFlag.cpp.o -c /home/jakob/Documents/gdv/gdv/GDV_exercise08/build/CMakeFiles/FindOpenMP/OpenMPTryFlag.cpp
Ubuntu clang version 14.0.0-1ubuntu1
Target: x86_64-pc-linux-gnu
Thread model: posix
InstalledDir: /usr/bin
Found candidate GCC installation: /usr/bin/../lib/gcc/x86_64-linux-gnu/11
Selected GCC installation: /usr/bin/../lib/gcc/x86_64-linux-gnu/11
Candidate multilib: .;@m64
Selected multilib: .;@m64
 (in-process)
 "/usr/lib/llvm-14/bin/clang" -cc1 -triple x86_64-pc-linux-gnu -emit-obj -mrelax-all --mrelax-relocations -disable-free -clear-ast-before-backend -disable-llvm-verifier -discard-value-names -main-file-name OpenMPTryFlag.cpp -mrelocation-model pic -pic-level 2 -pic-is-pie -mframe-pointer=all -fmath-errno -ffp-contract=on -fno-rounding-math -mconstructor-aliases -funwind-tables=2 -target-cpu x86-64 -tune-cpu generic -mllvm -treat-scalable-fixed-error-as-warning -debugger-tuning=gdb -v -fcoverage-compilation-dir=/home/jakob/Documents/gdv/gdv/GDV_exercise08/build/CMakeFiles/CMakeTmp -resource-dir /usr/lib/llvm-14/lib/clang/14.0.0 -dependency-file CMakeFiles/cmTC_e0038.dir/OpenMPTryFlag.cpp.o.d -MT CMakeFiles/cmTC_e0038.dir/OpenMPTryFlag.cpp.o -sys-header-deps -internal-isystem /usr/bin/../lib/gcc/x86_64-linux-gnu/11/../../../../include/c++/11 -internal-isystem /usr/bin/../lib/gcc/x86_64-linux-gnu/11/../../../../include/x86_64-linux-gnu/c++/11 -internal-isystem /usr/bin/../lib/gcc/x86_64-linux-gnu/11/../../../../include/c++/11/backward -internal-isystem /usr/lib/llvm-14/lib/clang/14.0.0/include -internal-isystem /usr/local/include -internal-isystem /usr/bin/../lib/gcc/x86_64-linux-gnu/11/../../../../x86_64-linux-gnu/include -internal-externc-isystem /usr/include/x86_64-linux-gnu -internal-externc-isystem /include -internal-externc-isystem /usr/include -Wall -Wextra -Wno-unused-parameter -Wno-gnu-anonymous-struct -Wno-c99-extensions -Wno-nested-anon-types -Wno-deprecated-register -std=gnu++20 -fdeprecated-macro -fdebug-compilation-dir=/home/jakob/Documents/gdv/gdv/GDV_exercise08/build/CMakeFiles/CMakeTmp -ferror-limit 19 -fopenmp -fopenmp-target-new-runtime -fgnuc-version=4.2.1 -fcxx-exceptions -fexceptions -faddrsig -D__GCC_HAVE_DWARF2_CFI_ASM=1 -o CMakeFiles/cmTC_e0038.dir/OpenMPTryFlag.cpp.o -x c++ /home/jakob/Documents/gdv/gdv/GDV_exercise08/build/CMakeFiles/FindOpenMP/OpenMPTryFlag.cpp
clang -cc1 version 14.0.0 based upon LLVM 14.0.0 default target x86_64-pc-linux-gnu
ignoring nonexistent directory "/usr/bin/../lib/gcc/x86_64-linux-gnu/11/../../../../x86_64-linux-gnu/include"
ignoring nonexistent directory "/include"
#include "..." search starts here:
#include <...> search starts here:
 /usr/bin/../lib/gcc/x86_64-linux-gnu/11/../../../../include/c++/11
 /usr/bin/../lib/gcc/x86_64-linux-gnu/11/../../../../include/x86_64-linux-gnu/c++/11
 /usr/bin/../lib/gcc/x86_64-linux-gnu/11/../../../../include/c++/11/backward
 /usr/lib/llvm-14/lib/clang/14.0.0/include
 /usr/local/include
 /usr/include/x86_64-linux-gnu
 /usr/include
End of search list.
/home/jakob/Documents/gdv/gdv/GDV_exercise08/build/CMakeFiles/FindOpenMP/OpenMPTryFlag.cpp:2:10: fatal error: 'omp.h' file not found
#include <omp.h>
         ^~~~~~~
1 error generated.
gmake[1]: *** [CMakeFiles/cmTC_e0038.dir/build.make:79: CMakeFiles/cmTC_e0038.dir/OpenMPTryFlag.cpp.o] Error 1
gmake[1]: Leaving directory '/home/jakob/Documents/gdv/gdv/GDV_exercise08/build/CMakeFiles/CMakeTmp'
gmake: *** [Makefile:127: cmTC_e0038/fast] Error 2



Detecting CXX OpenMP failed with the following output:
Change Dir: /home/jakob/Documents/gdv/gdv/GDV_exercise08/build/CMakeFiles/CMakeTmp

Run Build Command(s):/usr/bin/gmake -f Makefile cmTC_e8160/fast && /usr/bin/gmake  -f CMakeFiles/cmTC_e8160.dir/build.make CMakeFiles/cmTC_e8160.dir/build
gmake[1]: Entering directory '/home/jakob/Documents/gdv/gdv/GDV_exercise08/build/CMakeFiles/CMakeTmp'
Building CXX object CMakeFiles/cmTC_e8160.dir/OpenMPTryFlag.cpp.o
/usr/bin/clang++-14   -stdlib=libstdc++ -Wall -Wextra -Wno-unused-parameter -Wno-gnu-anonymous-struct -Wno-c99-extensions -Wno-nested-anon-types -Wno-deprecated-register -Xclang -fopenmp -v -std=gnu++20 -MD -MT CMakeFiles/cmTC_e8160.dir/OpenMPTryFlag.cpp.o -MF CMakeFiles/cmTC_e8160.dir/OpenMPTryFlag.cpp.o.d -o CMakeFiles/cmTC_e8160.dir/OpenMPTryFlag.cpp.o -c /home/jakob/Documents/gdv/gdv/GDV_exercise08/build/CMakeFiles/FindOpenMP/OpenMPTryFlag.cpp
Ubuntu clang version 14.0.0-1ubuntu1
Target: x86_64-pc-linux-gnu
Thread model: posix
InstalledDir: /usr/bin
Found candidate GCC installation: /usr/bin/../lib/gcc/x86_64-linux-gnu/11
Selected GCC installation: /usr/bin/../lib/gcc/x86_64-linux-gnu/11
Candidate multilib: .;@m64
Selected multilib: .;@m64
 (in-process)
 "/usr/lib/llvm-14/bin/clang" -cc1 -triple x86_64-pc-linux-gnu -emit-obj -mrelax-all --mrelax-relocations -disable-free -clear-ast-before-backend -disable-llvm-verifier -discard-value-names -main-file-name OpenMPTryFlag.cpp -mrelocation-model pic -pic-level 2 -pic-is-pie -mframe-pointer=all -fmath-errno -ffp-contract=on -fno-rounding-math -mconstructor-aliases -funwind-tables=2 -target-cpu x86-64 -tune-cpu generic -mllvm -treat-scalable-fixed-error-as-warning -debugger-tuning=gdb -v -fcoverage-compilation-dir=/home/jakob/Documents/gdv/gdv/GDV_exercise08/build/CMakeFiles/CMakeTmp -resource-dir /usr/lib/llvm-14/lib/clang/14.0.0 -dependency-file CMakeFiles/cmTC_e8160.dir/OpenMPTryFlag.cpp.o.d -MT CMakeFiles/cmTC_e8160.dir/OpenMPTryFlag.cpp.o -sys-header-deps -internal-isystem /usr/bin/../lib/gcc/x86_64-linux-gnu/11/../../../../include/c++/11 -internal-isystem /usr/bin/../lib/gcc/x86_64-linux-gnu/11/../../../../include/x86_64-linux-gnu/c++/11 -internal-isystem /usr/bin/../lib/gcc/x86_64-linux-gnu/11/../../../../include/c++/11/backward -internal-isystem /usr/lib/llvm-14/lib/clang/14.0.0/include -internal-isystem /usr/local/include -internal-isystem /usr/bin/../lib/gcc/x86_64-linux-gnu/11/../../../../x86_64-linux-gnu/include -internal-externc-isystem /usr/include/x86_64-linux-gnu -internal-externc-isystem /include -internal-externc-isystem /usr/include -Wall -Wextra -Wno-unused-parameter -Wno-gnu-anonymous-struct -Wno-c99-extensions -Wno-nested-anon-types -Wno-deprecated-register -std=gnu++20 -fdeprecated-macro -fdebug-compilation-dir=/home/jakob/Documents/gdv/gdv/GDV_exercise08/build/CMakeFiles/CMakeTmp -ferror-limit 19 -fgnuc-version=4.2.1 -fcxx-exceptions -fexceptions -fopenmp -faddrsig -D__GCC_HAVE_DWARF2_CFI_ASM=1 -o CMakeFiles/cmTC_e8160.dir/OpenMPTryFlag.cpp.o -x c++ /home/jakob/Documents/gdv/gdv/GDV_exercise08/build/CMakeFiles/FindOpenMP/OpenMPTryFlag.cpp
clang -cc1 version 14.0.0 based upon LLVM 14.0.0 default target x86_64-pc-linux-gnu
ignoring nonexistent directory "/usr/bin/../lib/gcc/x86_64-linux-gnu/11/../../../../x86_64-linux-gnu/include"
ignoring nonexistent directory "/include"
#include "..." search starts here:
#include <...> search starts here:
 /usr/bin/../lib/gcc/x86_64-linux-gnu/11/../../../../include/c++/11
 /usr/bin/../lib/gcc/x86_64-linux-gnu/11/../../../../include/x86_64-linux-gnu/c++/11
 /usr/bin/../lib/gcc/x86_64-linux-gnu/11/../../../../include/c++/11/backward
 /usr/lib/llvm-14/lib/clang/14.0.0/include
 /usr/local/include
 /usr/include/x86_64-linux-gnu
 /usr/include
End of search list.
/home/jakob/Documents/gdv/gdv/GDV_exercise08/build/CMakeFiles/FindOpenMP/OpenMPTryFlag.cpp:2:10: fatal error: 'omp.h' file not found
#include <omp.h>
         ^~~~~~~
1 error generated.
gmake[1]: *** [CMakeFiles/cmTC_e8160.dir/build.make:79: CMakeFiles/cmTC_e8160.dir/OpenMPTryFlag.cpp.o] Error 1
gmake[1]: Leaving directory '/home/jakob/Documents/gdv/gdv/GDV_exercise08/build/CMakeFiles/CMakeTmp'
gmake: *** [Makefile:127: cmTC_e8160/fast] Error 2



