The system is: Linux - 5.15.0-56-generic - x86_64
Compiling the C compiler identification source file "CMakeCCompilerId.c" succeeded.
Compiler: /usr/bin/clang-14 
Build flags: 
Id flags:  

The output was:
0


Compilation of the C compiler identification source "CMakeCCompilerId.c" produced "a.out"

The C compiler identification is Clang, found in "/home/jakob/Documents/gdv/gdv/GDV_exercise08/build/CMakeFiles/3.22.1/CompilerIdC/a.out"

Compiling the CXX compiler identification source file "CMakeCXXCompilerId.cpp" succeeded.
Compiler: /usr/bin/clang++-14 
Build flags: 
Id flags:  

The output was:
0


Compilation of the CXX compiler identification source "CMakeCXXCompilerId.cpp" produced "a.out"

The CXX compiler identification is Clang, found in "/home/jakob/Documents/gdv/gdv/GDV_exercise08/build/CMakeFiles/3.22.1/CompilerIdCXX/a.out"

Detecting C compiler ABI info compiled with the following output:
Change Dir: /home/jakob/Documents/gdv/gdv/GDV_exercise08/build/CMakeFiles/CMakeTmp

Run Build Command(s):/usr/bin/gmake -f Makefile cmTC_2c0f8/fast && /usr/bin/gmake  -f CMakeFiles/cmTC_2c0f8.dir/build.make CMakeFiles/cmTC_2c0f8.dir/build
gmake[1]: Entering directory '/home/jakob/Documents/gdv/gdv/GDV_exercise08/build/CMakeFiles/CMakeTmp'
Building C object CMakeFiles/cmTC_2c0f8.dir/CMakeCCompilerABI.c.o
/usr/bin/clang-14   -v -MD -MT CMakeFiles/cmTC_2c0f8.dir/CMakeCCompilerABI.c.o -MF CMakeFiles/cmTC_2c0f8.dir/CMakeCCompilerABI.c.o.d -o CMakeFiles/cmTC_2c0f8.dir/CMakeCCompilerABI.c.o -c /usr/share/cmake-3.22/Modules/CMakeCCompilerABI.c
Ubuntu clang version 14.0.0-1ubuntu1
Target: x86_64-pc-linux-gnu
Thread model: posix
InstalledDir: /usr/bin
Found candidate GCC installation: /usr/bin/../lib/gcc/x86_64-linux-gnu/11
Selected GCC installation: /usr/bin/../lib/gcc/x86_64-linux-gnu/11
Candidate multilib: .;@m64
Selected multilib: .;@m64
 (in-process)
 "/usr/lib/llvm-14/bin/clang" -cc1 -triple x86_64-pc-linux-gnu -emit-obj -mrelax-all --mrelax-relocations -disable-free -clear-ast-before-backend -disable-llvm-verifier -discard-value-names -main-file-name CMakeCCompilerABI.c -mrelocation-model pic -pic-level 2 -pic-is-pie -mframe-pointer=all -fmath-errno -ffp-contract=on -fno-rounding-math -mconstructor-aliases -funwind-tables=2 -target-cpu x86-64 -tune-cpu generic -mllvm -treat-scalable-fixed-error-as-warning -debugger-tuning=gdb -v -fcoverage-compilation-dir=/home/jakob/Documents/gdv/gdv/GDV_exercise08/build/CMakeFiles/CMakeTmp -resource-dir /usr/lib/llvm-14/lib/clang/14.0.0 -dependency-file CMakeFiles/cmTC_2c0f8.dir/CMakeCCompilerABI.c.o.d -MT CMakeFiles/cmTC_2c0f8.dir/CMakeCCompilerABI.c.o -sys-header-deps -internal-isystem /usr/lib/llvm-14/lib/clang/14.0.0/include -internal-isystem /usr/local/include -internal-isystem /usr/bin/../lib/gcc/x86_64-linux-gnu/11/../../../../x86_64-linux-gnu/include -internal-externc-isystem /usr/include/x86_64-linux-gnu -internal-externc-isystem /include -internal-externc-isystem /usr/include -fdebug-compilation-dir=/home/jakob/Documents/gdv/gdv/GDV_exercise08/build/CMakeFiles/CMakeTmp -ferror-limit 19 -fgnuc-version=4.2.1 -faddrsig -D__GCC_HAVE_DWARF2_CFI_ASM=1 -o CMakeFiles/cmTC_2c0f8.dir/CMakeCCompilerABI.c.o -x c /usr/share/cmake-3.22/Modules/CMakeCCompilerABI.c
clang -cc1 version 14.0.0 based upon LLVM 14.0.0 default target x86_64-pc-linux-gnu
ignoring nonexistent directory "/usr/bin/../lib/gcc/x86_64-linux-gnu/11/../../../../x86_64-linux-gnu/include"
ignoring nonexistent directory "/include"
#include "..." search starts here:
#include <...> search starts here:
 /usr/lib/llvm-14/lib/clang/14.0.0/include
 /usr/local/include
 /usr/include/x86_64-linux-gnu
 /usr/include
End of search list.
Linking C executable cmTC_2c0f8
/usr/bin/cmake -E cmake_link_script CMakeFiles/cmTC_2c0f8.dir/link.txt --verbose=1
/usr/bin/clang-14  -v CMakeFiles/cmTC_2c0f8.dir/CMakeCCompilerABI.c.o -o cmTC_2c0f8 
Ubuntu clang version 14.0.0-1ubuntu1
Target: x86_64-pc-linux-gnu
Thread model: posix
InstalledDir: /usr/bin
Found candidate GCC installation: /usr/bin/../lib/gcc/x86_64-linux-gnu/11
Selected GCC installation: /usr/bin/../lib/gcc/x86_64-linux-gnu/11
Candidate multilib: .;@m64
Selected multilib: .;@m64
 "/usr/bin/ld" -pie -z relro --hash-style=gnu --build-id --eh-frame-hdr -m elf_x86_64 -dynamic-linker /lib64/ld-linux-x86-64.so.2 -o cmTC_2c0f8 /lib/x86_64-linux-gnu/Scrt1.o /lib/x86_64-linux-gnu/crti.o /usr/bin/../lib/gcc/x86_64-linux-gnu/11/crtbeginS.o -L/usr/bin/../lib/gcc/x86_64-linux-gnu/11 -L/usr/bin/../lib/gcc/x86_64-linux-gnu/11/../../../../lib64 -L/lib/x86_64-linux-gnu -L/lib/../lib64 -L/usr/lib/x86_64-linux-gnu -L/usr/lib/../lib64 -L/usr/lib/llvm-14/bin/../lib -L/lib -L/usr/lib CMakeFiles/cmTC_2c0f8.dir/CMakeCCompilerABI.c.o -lgcc --as-needed -lgcc_s --no-as-needed -lc -lgcc --as-needed -lgcc_s --no-as-needed /usr/bin/../lib/gcc/x86_64-linux-gnu/11/crtendS.o /lib/x86_64-linux-gnu/crtn.o
gmake[1]: Leaving directory '/home/jakob/Documents/gdv/gdv/GDV_exercise08/build/CMakeFiles/CMakeTmp'



Parsed C implicit include dir info from above output: rv=done
  found start of include info
  found start of implicit include info
    add: [/usr/lib/llvm-14/lib/clang/14.0.0/include]
    add: [/usr/local/include]
    add: [/usr/include/x86_64-linux-gnu]
    add: [/usr/include]
  end of search list found
  collapse include dir [/usr/lib/llvm-14/lib/clang/14.0.0/include] ==> [/usr/lib/llvm-14/lib/clang/14.0.0/include]
  collapse include dir [/usr/local/include] ==> [/usr/local/include]
  collapse include dir [/usr/include/x86_64-linux-gnu] ==> [/usr/include/x86_64-linux-gnu]
  collapse include dir [/usr/include] ==> [/usr/include]
  implicit include dirs: [/usr/lib/llvm-14/lib/clang/14.0.0/include;/usr/local/include;/usr/include/x86_64-linux-gnu;/usr/include]


Parsed C implicit link information from above output:
  link line regex: [^( *|.*[/\])(ld|CMAKE_LINK_STARTFILE-NOTFOUND|([^/\]+-)?ld|collect2)[^/\]*( |$)]
  ignore line: [Change Dir: /home/jakob/Documents/gdv/gdv/GDV_exercise08/build/CMakeFiles/CMakeTmp]
  ignore line: []
  ignore line: [Run Build Command(s):/usr/bin/gmake -f Makefile cmTC_2c0f8/fast && /usr/bin/gmake  -f CMakeFiles/cmTC_2c0f8.dir/build.make CMakeFiles/cmTC_2c0f8.dir/build]
  ignore line: [gmake[1]: Entering directory '/home/jakob/Documents/gdv/gdv/GDV_exercise08/build/CMakeFiles/CMakeTmp']
  ignore line: [Building C object CMakeFiles/cmTC_2c0f8.dir/CMakeCCompilerABI.c.o]
  ignore line: [/usr/bin/clang-14   -v -MD -MT CMakeFiles/cmTC_2c0f8.dir/CMakeCCompilerABI.c.o -MF CMakeFiles/cmTC_2c0f8.dir/CMakeCCompilerABI.c.o.d -o CMakeFiles/cmTC_2c0f8.dir/CMakeCCompilerABI.c.o -c /usr/share/cmake-3.22/Modules/CMakeCCompilerABI.c]
  ignore line: [Ubuntu clang version 14.0.0-1ubuntu1]
  ignore line: [Target: x86_64-pc-linux-gnu]
  ignore line: [Thread model: posix]
  ignore line: [InstalledDir: /usr/bin]
  ignore line: [Found candidate GCC installation: /usr/bin/../lib/gcc/x86_64-linux-gnu/11]
  ignore line: [Selected GCC installation: /usr/bin/../lib/gcc/x86_64-linux-gnu/11]
  ignore line: [Candidate multilib: .]
  ignore line: [@m64]
  ignore line: [Selected multilib: .]
  ignore line: [@m64]
  ignore line: [ (in-process)]
  ignore line: [ "/usr/lib/llvm-14/bin/clang" -cc1 -triple x86_64-pc-linux-gnu -emit-obj -mrelax-all --mrelax-relocations -disable-free -clear-ast-before-backend -disable-llvm-verifier -discard-value-names -main-file-name CMakeCCompilerABI.c -mrelocation-model pic -pic-level 2 -pic-is-pie -mframe-pointer=all -fmath-errno -ffp-contract=on -fno-rounding-math -mconstructor-aliases -funwind-tables=2 -target-cpu x86-64 -tune-cpu generic -mllvm -treat-scalable-fixed-error-as-warning -debugger-tuning=gdb -v -fcoverage-compilation-dir=/home/jakob/Documents/gdv/gdv/GDV_exercise08/build/CMakeFiles/CMakeTmp -resource-dir /usr/lib/llvm-14/lib/clang/14.0.0 -dependency-file CMakeFiles/cmTC_2c0f8.dir/CMakeCCompilerABI.c.o.d -MT CMakeFiles/cmTC_2c0f8.dir/CMakeCCompilerABI.c.o -sys-header-deps -internal-isystem /usr/lib/llvm-14/lib/clang/14.0.0/include -internal-isystem /usr/local/include -internal-isystem /usr/bin/../lib/gcc/x86_64-linux-gnu/11/../../../../x86_64-linux-gnu/include -internal-externc-isystem /usr/include/x86_64-linux-gnu -internal-externc-isystem /include -internal-externc-isystem /usr/include -fdebug-compilation-dir=/home/jakob/Documents/gdv/gdv/GDV_exercise08/build/CMakeFiles/CMakeTmp -ferror-limit 19 -fgnuc-version=4.2.1 -faddrsig -D__GCC_HAVE_DWARF2_CFI_ASM=1 -o CMakeFiles/cmTC_2c0f8.dir/CMakeCCompilerABI.c.o -x c /usr/share/cmake-3.22/Modules/CMakeCCompilerABI.c]
  ignore line: [clang -cc1 version 14.0.0 based upon LLVM 14.0.0 default target x86_64-pc-linux-gnu]
  ignore line: [ignoring nonexistent directory "/usr/bin/../lib/gcc/x86_64-linux-gnu/11/../../../../x86_64-linux-gnu/include"]
  ignore line: [ignoring nonexistent directory "/include"]
  ignore line: [#include "..." search starts here:]
  ignore line: [#include <...> search starts here:]
  ignore line: [ /usr/lib/llvm-14/lib/clang/14.0.0/include]
  ignore line: [ /usr/local/include]
  ignore line: [ /usr/include/x86_64-linux-gnu]
  ignore line: [ /usr/include]
  ignore line: [End of search list.]
  ignore line: [Linking C executable cmTC_2c0f8]
  ignore line: [/usr/bin/cmake -E cmake_link_script CMakeFiles/cmTC_2c0f8.dir/link.txt --verbose=1]
  ignore line: [/usr/bin/clang-14  -v CMakeFiles/cmTC_2c0f8.dir/CMakeCCompilerABI.c.o -o cmTC_2c0f8 ]
  ignore line: [Ubuntu clang version 14.0.0-1ubuntu1]
  ignore line: [Target: x86_64-pc-linux-gnu]
  ignore line: [Thread model: posix]
  ignore line: [InstalledDir: /usr/bin]
  ignore line: [Found candidate GCC installation: /usr/bin/../lib/gcc/x86_64-linux-gnu/11]
  ignore line: [Selected GCC installation: /usr/bin/../lib/gcc/x86_64-linux-gnu/11]
  ignore line: [Candidate multilib: .]
  ignore line: [@m64]
  ignore line: [Selected multilib: .]
  ignore line: [@m64]
  link line: [ "/usr/bin/ld" -pie -z relro --hash-style=gnu --build-id --eh-frame-hdr -m elf_x86_64 -dynamic-linker /lib64/ld-linux-x86-64.so.2 -o cmTC_2c0f8 /lib/x86_64-linux-gnu/Scrt1.o /lib/x86_64-linux-gnu/crti.o /usr/bin/../lib/gcc/x86_64-linux-gnu/11/crtbeginS.o -L/usr/bin/../lib/gcc/x86_64-linux-gnu/11 -L/usr/bin/../lib/gcc/x86_64-linux-gnu/11/../../../../lib64 -L/lib/x86_64-linux-gnu -L/lib/../lib64 -L/usr/lib/x86_64-linux-gnu -L/usr/lib/../lib64 -L/usr/lib/llvm-14/bin/../lib -L/lib -L/usr/lib CMakeFiles/cmTC_2c0f8.dir/CMakeCCompilerABI.c.o -lgcc --as-needed -lgcc_s --no-as-needed -lc -lgcc --as-needed -lgcc_s --no-as-needed /usr/bin/../lib/gcc/x86_64-linux-gnu/11/crtendS.o /lib/x86_64-linux-gnu/crtn.o]
    arg [/usr/bin/ld] ==> ignore
    arg [-pie] ==> ignore
    arg [-zrelro] ==> ignore
    arg [--hash-style=gnu] ==> ignore
    arg [--build-id] ==> ignore
    arg [--eh-frame-hdr] ==> ignore
    arg [-m] ==> ignore
    arg [elf_x86_64] ==> ignore
    arg [-dynamic-linker] ==> ignore
    arg [/lib64/ld-linux-x86-64.so.2] ==> ignore
    arg [-o] ==> ignore
    arg [cmTC_2c0f8] ==> ignore
    arg [/lib/x86_64-linux-gnu/Scrt1.o] ==> obj [/lib/x86_64-linux-gnu/Scrt1.o]
    arg [/lib/x86_64-linux-gnu/crti.o] ==> obj [/lib/x86_64-linux-gnu/crti.o]
    arg [/usr/bin/../lib/gcc/x86_64-linux-gnu/11/crtbeginS.o] ==> obj [/usr/bin/../lib/gcc/x86_64-linux-gnu/11/crtbeginS.o]
    arg [-L/usr/bin/../lib/gcc/x86_64-linux-gnu/11] ==> dir [/usr/bin/../lib/gcc/x86_64-linux-gnu/11]
    arg [-L/usr/bin/../lib/gcc/x86_64-linux-gnu/11/../../../../lib64] ==> dir [/usr/bin/../lib/gcc/x86_64-linux-gnu/11/../../../../lib64]
    arg [-L/lib/x86_64-linux-gnu] ==> dir [/lib/x86_64-linux-gnu]
    arg [-L/lib/../lib64] ==> dir [/lib/../lib64]
    arg [-L/usr/lib/x86_64-linux-gnu] ==> dir [/usr/lib/x86_64-linux-gnu]
    arg [-L/usr/lib/../lib64] ==> dir [/usr/lib/../lib64]
    arg [-L/usr/lib/llvm-14/bin/../lib] ==> dir [/usr/lib/llvm-14/bin/../lib]
    arg [-L/lib] ==> dir [/lib]
    arg [-L/usr/lib] ==> dir [/usr/lib]
    arg [CMakeFiles/cmTC_2c0f8.dir/CMakeCCompilerABI.c.o] ==> ignore
    arg [-lgcc] ==> lib [gcc]
    arg [--as-needed] ==> ignore
    arg [-lgcc_s] ==> lib [gcc_s]
    arg [--no-as-needed] ==> ignore
    arg [-lc] ==> lib [c]
    arg [-lgcc] ==> lib [gcc]
    arg [--as-needed] ==> ignore
    arg [-lgcc_s] ==> lib [gcc_s]
    arg [--no-as-needed] ==> ignore
    arg [/usr/bin/../lib/gcc/x86_64-linux-gnu/11/crtendS.o] ==> obj [/usr/bin/../lib/gcc/x86_64-linux-gnu/11/crtendS.o]
    arg [/lib/x86_64-linux-gnu/crtn.o] ==> obj [/lib/x86_64-linux-gnu/crtn.o]
  collapse obj [/usr/bin/../lib/gcc/x86_64-linux-gnu/11/crtbeginS.o] ==> [/usr/lib/gcc/x86_64-linux-gnu/11/crtbeginS.o]
  collapse obj [/usr/bin/../lib/gcc/x86_64-linux-gnu/11/crtendS.o] ==> [/usr/lib/gcc/x86_64-linux-gnu/11/crtendS.o]
  collapse library dir [/usr/bin/../lib/gcc/x86_64-linux-gnu/11] ==> [/usr/lib/gcc/x86_64-linux-gnu/11]
  collapse library dir [/usr/bin/../lib/gcc/x86_64-linux-gnu/11/../../../../lib64] ==> [/usr/lib64]
  collapse library dir [/lib/x86_64-linux-gnu] ==> [/lib/x86_64-linux-gnu]
  collapse library dir [/lib/../lib64] ==> [/lib64]
  collapse library dir [/usr/lib/x86_64-linux-gnu] ==> [/usr/lib/x86_64-linux-gnu]
  collapse library dir [/usr/lib/../lib64] ==> [/usr/lib64]
  collapse library dir [/usr/lib/llvm-14/bin/../lib] ==> [/usr/lib/llvm-14/lib]
  collapse library dir [/lib] ==> [/lib]
  collapse library dir [/usr/lib] ==> [/usr/lib]
  implicit libs: [gcc;gcc_s;c;gcc;gcc_s]
  implicit objs: [/lib/x86_64-linux-gnu/Scrt1.o;/lib/x86_64-linux-gnu/crti.o;/usr/lib/gcc/x86_64-linux-gnu/11/crtbeginS.o;/usr/lib/gcc/x86_64-linux-gnu/11/crtendS.o;/lib/x86_64-linux-gnu/crtn.o]
  implicit dirs: [/usr/lib/gcc/x86_64-linux-gnu/11;/usr/lib64;/lib/x86_64-linux-gnu;/lib64;/usr/lib/x86_64-linux-gnu;/usr/lib/llvm-14/lib;/lib;/usr/lib]
  implicit fwks: []


Detecting CXX compiler ABI info compiled with the following output:
Change Dir: /home/jakob/Documents/gdv/gdv/GDV_exercise08/build/CMakeFiles/CMakeTmp

Run Build Command(s):/usr/bin/gmake -f Makefile cmTC_d66eb/fast && /usr/bin/gmake  -f CMakeFiles/cmTC_d66eb.dir/build.make CMakeFiles/cmTC_d66eb.dir/build
gmake[1]: Entering directory '/home/jakob/Documents/gdv/gdv/GDV_exercise08/build/CMakeFiles/CMakeTmp'
Building CXX object CMakeFiles/cmTC_d66eb.dir/CMakeCXXCompilerABI.cpp.o
/usr/bin/clang++-14   -v -MD -MT CMakeFiles/cmTC_d66eb.dir/CMakeCXXCompilerABI.cpp.o -MF CMakeFiles/cmTC_d66eb.dir/CMakeCXXCompilerABI.cpp.o.d -o CMakeFiles/cmTC_d66eb.dir/CMakeCXXCompilerABI.cpp.o -c /usr/share/cmake-3.22/Modules/CMakeCXXCompilerABI.cpp
Ubuntu clang version 14.0.0-1ubuntu1
Target: x86_64-pc-linux-gnu
Thread model: posix
InstalledDir: /usr/bin
Found candidate GCC installation: /usr/bin/../lib/gcc/x86_64-linux-gnu/11
Selected GCC installation: /usr/bin/../lib/gcc/x86_64-linux-gnu/11
Candidate multilib: .;@m64
Selected multilib: .;@m64
 (in-process)
 "/usr/lib/llvm-14/bin/clang" -cc1 -triple x86_64-pc-linux-gnu -emit-obj -mrelax-all --mrelax-relocations -disable-free -clear-ast-before-backend -disable-llvm-verifier -discard-value-names -main-file-name CMakeCXXCompilerABI.cpp -mrelocation-model pic -pic-level 2 -pic-is-pie -mframe-pointer=all -fmath-errno -ffp-contract=on -fno-rounding-math -mconstructor-aliases -funwind-tables=2 -target-cpu x86-64 -tune-cpu generic -mllvm -treat-scalable-fixed-error-as-warning -debugger-tuning=gdb -v -fcoverage-compilation-dir=/home/jakob/Documents/gdv/gdv/GDV_exercise08/build/CMakeFiles/CMakeTmp -resource-dir /usr/lib/llvm-14/lib/clang/14.0.0 -dependency-file CMakeFiles/cmTC_d66eb.dir/CMakeCXXCompilerABI.cpp.o.d -MT CMakeFiles/cmTC_d66eb.dir/CMakeCXXCompilerABI.cpp.o -sys-header-deps -internal-isystem /usr/bin/../lib/gcc/x86_64-linux-gnu/11/../../../../include/c++/11 -internal-isystem /usr/bin/../lib/gcc/x86_64-linux-gnu/11/../../../../include/x86_64-linux-gnu/c++/11 -internal-isystem /usr/bin/../lib/gcc/x86_64-linux-gnu/11/../../../../include/c++/11/backward -internal-isystem /usr/lib/llvm-14/lib/clang/14.0.0/include -internal-isystem /usr/local/include -internal-isystem /usr/bin/../lib/gcc/x86_64-linux-gnu/11/../../../../x86_64-linux-gnu/include -internal-externc-isystem /usr/include/x86_64-linux-gnu -internal-externc-isystem /include -internal-externc-isystem /usr/include -fdeprecated-macro -fdebug-compilation-dir=/home/jakob/Documents/gdv/gdv/GDV_exercise08/build/CMakeFiles/CMakeTmp -ferror-limit 19 -fgnuc-version=4.2.1 -fcxx-exceptions -fexceptions -faddrsig -D__GCC_HAVE_DWARF2_CFI_ASM=1 -o CMakeFiles/cmTC_d66eb.dir/CMakeCXXCompilerABI.cpp.o -x c++ /usr/share/cmake-3.22/Modules/CMakeCXXCompilerABI.cpp
clang -cc1 version 14.0.0 based upon LLVM 14.0.0 default target x86_64-pc-linux-gnu
ignoring nonexistent directory "/usr/bin/../lib/gcc/x86_64-linux-gnu/11/../../../../x86_64-linux-gnu/include"
ignoring nonexistent directory "/include"
#include "..." search starts here:
#include <...> search starts here:
 /usr/bin/../lib/gcc/x86_64-linux-gnu/11/../../../../include/c++/11
 /usr/bin/../lib/gcc/x86_64-linux-gnu/11/../../../../include/x86_64-linux-gnu/c++/11
 /usr/bin/../lib/gcc/x86_64-linux-gnu/11/../../../../include/c++/11/backward
 /usr/lib/llvm-14/lib/clang/14.0.0/include
 /usr/local/include
 /usr/include/x86_64-linux-gnu
 /usr/include
End of search list.
Linking CXX executable cmTC_d66eb
/usr/bin/cmake -E cmake_link_script CMakeFiles/cmTC_d66eb.dir/link.txt --verbose=1
/usr/bin/clang++-14  -v CMakeFiles/cmTC_d66eb.dir/CMakeCXXCompilerABI.cpp.o -o cmTC_d66eb 
Ubuntu clang version 14.0.0-1ubuntu1
Target: x86_64-pc-linux-gnu
Thread model: posix
InstalledDir: /usr/bin
Found candidate GCC installation: /usr/bin/../lib/gcc/x86_64-linux-gnu/11
Selected GCC installation: /usr/bin/../lib/gcc/x86_64-linux-gnu/11
Candidate multilib: .;@m64
Selected multilib: .;@m64
 "/usr/bin/ld" -pie -z relro --hash-style=gnu --build-id --eh-frame-hdr -m elf_x86_64 -dynamic-linker /lib64/ld-linux-x86-64.so.2 -o cmTC_d66eb /lib/x86_64-linux-gnu/Scrt1.o /lib/x86_64-linux-gnu/crti.o /usr/bin/../lib/gcc/x86_64-linux-gnu/11/crtbeginS.o -L/usr/bin/../lib/gcc/x86_64-linux-gnu/11 -L/usr/bin/../lib/gcc/x86_64-linux-gnu/11/../../../../lib64 -L/lib/x86_64-linux-gnu -L/lib/../lib64 -L/usr/lib/x86_64-linux-gnu -L/usr/lib/../lib64 -L/usr/lib/llvm-14/bin/../lib -L/lib -L/usr/lib CMakeFiles/cmTC_d66eb.dir/CMakeCXXCompilerABI.cpp.o -lstdc++ -lm -lgcc_s -lgcc -lc -lgcc_s -lgcc /usr/bin/../lib/gcc/x86_64-linux-gnu/11/crtendS.o /lib/x86_64-linux-gnu/crtn.o
gmake[1]: Leaving directory '/home/jakob/Documents/gdv/gdv/GDV_exercise08/build/CMakeFiles/CMakeTmp'



Parsed CXX implicit include dir info from above output: rv=done
  found start of include info
  found start of implicit include info
    add: [/usr/bin/../lib/gcc/x86_64-linux-gnu/11/../../../../include/c++/11]
    add: [/usr/bin/../lib/gcc/x86_64-linux-gnu/11/../../../../include/x86_64-linux-gnu/c++/11]
    add: [/usr/bin/../lib/gcc/x86_64-linux-gnu/11/../../../../include/c++/11/backward]
    add: [/usr/lib/llvm-14/lib/clang/14.0.0/include]
    add: [/usr/local/include]
    add: [/usr/include/x86_64-linux-gnu]
    add: [/usr/include]
  end of search list found
  collapse include dir [/usr/bin/../lib/gcc/x86_64-linux-gnu/11/../../../../include/c++/11] ==> [/usr/include/c++/11]
  collapse include dir [/usr/bin/../lib/gcc/x86_64-linux-gnu/11/../../../../include/x86_64-linux-gnu/c++/11] ==> [/usr/include/x86_64-linux-gnu/c++/11]
  collapse include dir [/usr/bin/../lib/gcc/x86_64-linux-gnu/11/../../../../include/c++/11/backward] ==> [/usr/include/c++/11/backward]
  collapse include dir [/usr/lib/llvm-14/lib/clang/14.0.0/include] ==> [/usr/lib/llvm-14/lib/clang/14.0.0/include]
  collapse include dir [/usr/local/include] ==> [/usr/local/include]
  collapse include dir [/usr/include/x86_64-linux-gnu] ==> [/usr/include/x86_64-linux-gnu]
  collapse include dir [/usr/include] ==> [/usr/include]
  implicit include dirs: [/usr/include/c++/11;/usr/include/x86_64-linux-gnu/c++/11;/usr/include/c++/11/backward;/usr/lib/llvm-14/lib/clang/14.0.0/include;/usr/local/include;/usr/include/x86_64-linux-gnu;/usr/include]


Parsed CXX implicit link information from above output:
  link line regex: [^( *|.*[/\])(ld|CMAKE_LINK_STARTFILE-NOTFOUND|([^/\]+-)?ld|collect2)[^/\]*( |$)]
  ignore line: [Change Dir: /home/jakob/Documents/gdv/gdv/GDV_exercise08/build/CMakeFiles/CMakeTmp]
  ignore line: []
  ignore line: [Run Build Command(s):/usr/bin/gmake -f Makefile cmTC_d66eb/fast && /usr/bin/gmake  -f CMakeFiles/cmTC_d66eb.dir/build.make CMakeFiles/cmTC_d66eb.dir/build]
  ignore line: [gmake[1]: Entering directory '/home/jakob/Documents/gdv/gdv/GDV_exercise08/build/CMakeFiles/CMakeTmp']
  ignore line: [Building CXX object CMakeFiles/cmTC_d66eb.dir/CMakeCXXCompilerABI.cpp.o]
  ignore line: [/usr/bin/clang++-14   -v -MD -MT CMakeFiles/cmTC_d66eb.dir/CMakeCXXCompilerABI.cpp.o -MF CMakeFiles/cmTC_d66eb.dir/CMakeCXXCompilerABI.cpp.o.d -o CMakeFiles/cmTC_d66eb.dir/CMakeCXXCompilerABI.cpp.o -c /usr/share/cmake-3.22/Modules/CMakeCXXCompilerABI.cpp]
  ignore line: [Ubuntu clang version 14.0.0-1ubuntu1]
  ignore line: [Target: x86_64-pc-linux-gnu]
  ignore line: [Thread model: posix]
  ignore line: [InstalledDir: /usr/bin]
  ignore line: [Found candidate GCC installation: /usr/bin/../lib/gcc/x86_64-linux-gnu/11]
  ignore line: [Selected GCC installation: /usr/bin/../lib/gcc/x86_64-linux-gnu/11]
  ignore line: [Candidate multilib: .]
  ignore line: [@m64]
  ignore line: [Selected multilib: .]
  ignore line: [@m64]
  ignore line: [ (in-process)]
  ignore line: [ "/usr/lib/llvm-14/bin/clang" -cc1 -triple x86_64-pc-linux-gnu -emit-obj -mrelax-all --mrelax-relocations -disable-free -clear-ast-before-backend -disable-llvm-verifier -discard-value-names -main-file-name CMakeCXXCompilerABI.cpp -mrelocation-model pic -pic-level 2 -pic-is-pie -mframe-pointer=all -fmath-errno -ffp-contract=on -fno-rounding-math -mconstructor-aliases -funwind-tables=2 -target-cpu x86-64 -tune-cpu generic -mllvm -treat-scalable-fixed-error-as-warning -debugger-tuning=gdb -v -fcoverage-compilation-dir=/home/jakob/Documents/gdv/gdv/GDV_exercise08/build/CMakeFiles/CMakeTmp -resource-dir /usr/lib/llvm-14/lib/clang/14.0.0 -dependency-file CMakeFiles/cmTC_d66eb.dir/CMakeCXXCompilerABI.cpp.o.d -MT CMakeFiles/cmTC_d66eb.dir/CMakeCXXCompilerABI.cpp.o -sys-header-deps -internal-isystem /usr/bin/../lib/gcc/x86_64-linux-gnu/11/../../../../include/c++/11 -internal-isystem /usr/bin/../lib/gcc/x86_64-linux-gnu/11/../../../../include/x86_64-linux-gnu/c++/11 -internal-isystem /usr/bin/../lib/gcc/x86_64-linux-gnu/11/../../../../include/c++/11/backward -internal-isystem /usr/lib/llvm-14/lib/clang/14.0.0/include -internal-isystem /usr/local/include -internal-isystem /usr/bin/../lib/gcc/x86_64-linux-gnu/11/../../../../x86_64-linux-gnu/include -internal-externc-isystem /usr/include/x86_64-linux-gnu -internal-externc-isystem /include -internal-externc-isystem /usr/include -fdeprecated-macro -fdebug-compilation-dir=/home/jakob/Documents/gdv/gdv/GDV_exercise08/build/CMakeFiles/CMakeTmp -ferror-limit 19 -fgnuc-version=4.2.1 -fcxx-exceptions -fexceptions -faddrsig -D__GCC_HAVE_DWARF2_CFI_ASM=1 -o CMakeFiles/cmTC_d66eb.dir/CMakeCXXCompilerABI.cpp.o -x c++ /usr/share/cmake-3.22/Modules/CMakeCXXCompilerABI.cpp]
  ignore line: [clang -cc1 version 14.0.0 based upon LLVM 14.0.0 default target x86_64-pc-linux-gnu]
  ignore line: [ignoring nonexistent directory "/usr/bin/../lib/gcc/x86_64-linux-gnu/11/../../../../x86_64-linux-gnu/include"]
  ignore line: [ignoring nonexistent directory "/include"]
  ignore line: [#include "..." search starts here:]
  ignore line: [#include <...> search starts here:]
  ignore line: [ /usr/bin/../lib/gcc/x86_64-linux-gnu/11/../../../../include/c++/11]
  ignore line: [ /usr/bin/../lib/gcc/x86_64-linux-gnu/11/../../../../include/x86_64-linux-gnu/c++/11]
  ignore line: [ /usr/bin/../lib/gcc/x86_64-linux-gnu/11/../../../../include/c++/11/backward]
  ignore line: [ /usr/lib/llvm-14/lib/clang/14.0.0/include]
  ignore line: [ /usr/local/include]
  ignore line: [ /usr/include/x86_64-linux-gnu]
  ignore line: [ /usr/include]
  ignore line: [End of search list.]
  ignore line: [Linking CXX executable cmTC_d66eb]
  ignore line: [/usr/bin/cmake -E cmake_link_script CMakeFiles/cmTC_d66eb.dir/link.txt --verbose=1]
  ignore line: [/usr/bin/clang++-14  -v CMakeFiles/cmTC_d66eb.dir/CMakeCXXCompilerABI.cpp.o -o cmTC_d66eb ]
  ignore line: [Ubuntu clang version 14.0.0-1ubuntu1]
  ignore line: [Target: x86_64-pc-linux-gnu]
  ignore line: [Thread model: posix]
  ignore line: [InstalledDir: /usr/bin]
  ignore line: [Found candidate GCC installation: /usr/bin/../lib/gcc/x86_64-linux-gnu/11]
  ignore line: [Selected GCC installation: /usr/bin/../lib/gcc/x86_64-linux-gnu/11]
  ignore line: [Candidate multilib: .]
  ignore line: [@m64]
  ignore line: [Selected multilib: .]
  ignore line: [@m64]
  link line: [ "/usr/bin/ld" -pie -z relro --hash-style=gnu --build-id --eh-frame-hdr -m elf_x86_64 -dynamic-linker /lib64/ld-linux-x86-64.so.2 -o cmTC_d66eb /lib/x86_64-linux-gnu/Scrt1.o /lib/x86_64-linux-gnu/crti.o /usr/bin/../lib/gcc/x86_64-linux-gnu/11/crtbeginS.o -L/usr/bin/../lib/gcc/x86_64-linux-gnu/11 -L/usr/bin/../lib/gcc/x86_64-linux-gnu/11/../../../../lib64 -L/lib/x86_64-linux-gnu -L/lib/../lib64 -L/usr/lib/x86_64-linux-gnu -L/usr/lib/../lib64 -L/usr/lib/llvm-14/bin/../lib -L/lib -L/usr/lib CMakeFiles/cmTC_d66eb.dir/CMakeCXXCompilerABI.cpp.o -lstdc++ -lm -lgcc_s -lgcc -lc -lgcc_s -lgcc /usr/bin/../lib/gcc/x86_64-linux-gnu/11/crtendS.o /lib/x86_64-linux-gnu/crtn.o]
    arg [/usr/bin/ld] ==> ignore
    arg [-pie] ==> ignore
    arg [-zrelro] ==> ignore
    arg [--hash-style=gnu] ==> ignore
    arg [--build-id] ==> ignore
    arg [--eh-frame-hdr] ==> ignore
    arg [-m] ==> ignore
    arg [elf_x86_64] ==> ignore
    arg [-dynamic-linker] ==> ignore
    arg [/lib64/ld-linux-x86-64.so.2] ==> ignore
    arg [-o] ==> ignore
    arg [cmTC_d66eb] ==> ignore
    arg [/lib/x86_64-linux-gnu/Scrt1.o] ==> obj [/lib/x86_64-linux-gnu/Scrt1.o]
    arg [/lib/x86_64-linux-gnu/crti.o] ==> obj [/lib/x86_64-linux-gnu/crti.o]
    arg [/usr/bin/../lib/gcc/x86_64-linux-gnu/11/crtbeginS.o] ==> obj [/usr/bin/../lib/gcc/x86_64-linux-gnu/11/crtbeginS.o]
    arg [-L/usr/bin/../lib/gcc/x86_64-linux-gnu/11] ==> dir [/usr/bin/../lib/gcc/x86_64-linux-gnu/11]
    arg [-L/usr/bin/../lib/gcc/x86_64-linux-gnu/11/../../../../lib64] ==> dir [/usr/bin/../lib/gcc/x86_64-linux-gnu/11/../../../../lib64]
    arg [-L/lib/x86_64-linux-gnu] ==> dir [/lib/x86_64-linux-gnu]
    arg [-L/lib/../lib64] ==> dir [/lib/../lib64]
    arg [-L/usr/lib/x86_64-linux-gnu] ==> dir [/usr/lib/x86_64-linux-gnu]
    arg [-L/usr/lib/../lib64] ==> dir [/usr/lib/../lib64]
    arg [-L/usr/lib/llvm-14/bin/../lib] ==> dir [/usr/lib/llvm-14/bin/../lib]
    arg [-L/lib] ==> dir [/lib]
    arg [-L/usr/lib] ==> dir [/usr/lib]
    arg [CMakeFiles/cmTC_d66eb.dir/CMakeCXXCompilerABI.cpp.o] ==> ignore
    arg [-lstdc++] ==> lib [stdc++]
    arg [-lm] ==> lib [m]
    arg [-lgcc_s] ==> lib [gcc_s]
    arg [-lgcc] ==> lib [gcc]
    arg [-lc] ==> lib [c]
    arg [-lgcc_s] ==> lib [gcc_s]
    arg [-lgcc] ==> lib [gcc]
    arg [/usr/bin/../lib/gcc/x86_64-linux-gnu/11/crtendS.o] ==> obj [/usr/bin/../lib/gcc/x86_64-linux-gnu/11/crtendS.o]
    arg [/lib/x86_64-linux-gnu/crtn.o] ==> obj [/lib/x86_64-linux-gnu/crtn.o]
  collapse obj [/usr/bin/../lib/gcc/x86_64-linux-gnu/11/crtbeginS.o] ==> [/usr/lib/gcc/x86_64-linux-gnu/11/crtbeginS.o]
  collapse obj [/usr/bin/../lib/gcc/x86_64-linux-gnu/11/crtendS.o] ==> [/usr/lib/gcc/x86_64-linux-gnu/11/crtendS.o]
  collapse library dir [/usr/bin/../lib/gcc/x86_64-linux-gnu/11] ==> [/usr/lib/gcc/x86_64-linux-gnu/11]
  collapse library dir [/usr/bin/../lib/gcc/x86_64-linux-gnu/11/../../../../lib64] ==> [/usr/lib64]
  collapse library dir [/lib/x86_64-linux-gnu] ==> [/lib/x86_64-linux-gnu]
  collapse library dir [/lib/../lib64] ==> [/lib64]
  collapse library dir [/usr/lib/x86_64-linux-gnu] ==> [/usr/lib/x86_64-linux-gnu]
  collapse library dir [/usr/lib/../lib64] ==> [/usr/lib64]
  collapse library dir [/usr/lib/llvm-14/bin/../lib] ==> [/usr/lib/llvm-14/lib]
  collapse library dir [/lib] ==> [/lib]
  collapse library dir [/usr/lib] ==> [/usr/lib]
  implicit libs: [stdc++;m;gcc_s;gcc;c;gcc_s;gcc]
  implicit objs: [/lib/x86_64-linux-gnu/Scrt1.o;/lib/x86_64-linux-gnu/crti.o;/usr/lib/gcc/x86_64-linux-gnu/11/crtbeginS.o;/usr/lib/gcc/x86_64-linux-gnu/11/crtendS.o;/lib/x86_64-linux-gnu/crtn.o]
  implicit dirs: [/usr/lib/gcc/x86_64-linux-gnu/11;/usr/lib64;/lib/x86_64-linux-gnu;/lib64;/usr/lib/x86_64-linux-gnu;/usr/lib/llvm-14/lib;/lib;/usr/lib]
  implicit fwks: []


Determining if the include file pthread.h exists passed with the following output:
Change Dir: /home/jakob/Documents/gdv/gdv/GDV_exercise08/build/CMakeFiles/CMakeTmp

Run Build Command(s):/usr/bin/gmake -f Makefile cmTC_fbc1c/fast && /usr/bin/gmake  -f CMakeFiles/cmTC_fbc1c.dir/build.make CMakeFiles/cmTC_fbc1c.dir/build
gmake[1]: Entering directory '/home/jakob/Documents/gdv/gdv/GDV_exercise08/build/CMakeFiles/CMakeTmp'
Building C object CMakeFiles/cmTC_fbc1c.dir/CheckIncludeFile.c.o
/usr/bin/clang-14   -Wno-deprecated-declarations  -MD -MT CMakeFiles/cmTC_fbc1c.dir/CheckIncludeFile.c.o -MF CMakeFiles/cmTC_fbc1c.dir/CheckIncludeFile.c.o.d -o CMakeFiles/cmTC_fbc1c.dir/CheckIncludeFile.c.o -c /home/jakob/Documents/gdv/gdv/GDV_exercise08/build/CMakeFiles/CMakeTmp/CheckIncludeFile.c
Linking C executable cmTC_fbc1c
/usr/bin/cmake -E cmake_link_script CMakeFiles/cmTC_fbc1c.dir/link.txt --verbose=1
/usr/bin/clang-14  -Wno-deprecated-declarations   -stdlib=libstdc++ -stdlib=libstdc++  CMakeFiles/cmTC_fbc1c.dir/CheckIncludeFile.c.o -o cmTC_fbc1c 
gmake[1]: Leaving directory '/home/jakob/Documents/gdv/gdv/GDV_exercise08/build/CMakeFiles/CMakeTmp'



Performing C SOURCE FILE Test CMAKE_HAVE_LIBC_PTHREAD succeeded with the following output:
Change Dir: /home/jakob/Documents/gdv/gdv/GDV_exercise08/build/CMakeFiles/CMakeTmp

Run Build Command(s):/usr/bin/gmake -f Makefile cmTC_30557/fast && /usr/bin/gmake  -f CMakeFiles/cmTC_30557.dir/build.make CMakeFiles/cmTC_30557.dir/build
gmake[1]: Entering directory '/home/jakob/Documents/gdv/gdv/GDV_exercise08/build/CMakeFiles/CMakeTmp'
Building C object CMakeFiles/cmTC_30557.dir/src.c.o
/usr/bin/clang-14 -DCMAKE_HAVE_LIBC_PTHREAD  -Wno-deprecated-declarations  -MD -MT CMakeFiles/cmTC_30557.dir/src.c.o -MF CMakeFiles/cmTC_30557.dir/src.c.o.d -o CMakeFiles/cmTC_30557.dir/src.c.o -c /home/jakob/Documents/gdv/gdv/GDV_exercise08/build/CMakeFiles/CMakeTmp/src.c
Linking C executable cmTC_30557
/usr/bin/cmake -E cmake_link_script CMakeFiles/cmTC_30557.dir/link.txt --verbose=1
/usr/bin/clang-14  -Wno-deprecated-declarations   -stdlib=libstdc++ -stdlib=libstdc++  CMakeFiles/cmTC_30557.dir/src.c.o -o cmTC_30557 
gmake[1]: Leaving directory '/home/jakob/Documents/gdv/gdv/GDV_exercise08/build/CMakeFiles/CMakeTmp'


Source file was:
#include <pthread.h>

static void* test_func(void* data)
{
  return data;
}

int main(void)
{
  pthread_t thread;
  pthread_create(&thread, NULL, test_func, NULL);
  pthread_detach(thread);
  pthread_cancel(thread);
  pthread_join(thread, NULL);
  pthread_atfork(NULL, NULL, NULL);
  pthread_exit(NULL);

  return 0;
}

Determining if the function XOpenDisplay exists in the /usr/lib/x86_64-linux-gnu/libX11.so;/usr/lib/x86_64-linux-gnu/libXext.so passed with the following output:
Change Dir: /home/jakob/Documents/gdv/gdv/GDV_exercise08/build/CMakeFiles/CMakeTmp

Run Build Command(s):/usr/bin/gmake -f Makefile cmTC_d9faf/fast && /usr/bin/gmake  -f CMakeFiles/cmTC_d9faf.dir/build.make CMakeFiles/cmTC_d9faf.dir/build
gmake[1]: Entering directory '/home/jakob/Documents/gdv/gdv/GDV_exercise08/build/CMakeFiles/CMakeTmp'
Building C object CMakeFiles/cmTC_d9faf.dir/CheckFunctionExists.c.o
/usr/bin/clang-14   -Wno-deprecated-declarations -DCHECK_FUNCTION_EXISTS=XOpenDisplay -MD -MT CMakeFiles/cmTC_d9faf.dir/CheckFunctionExists.c.o -MF CMakeFiles/cmTC_d9faf.dir/CheckFunctionExists.c.o.d -o CMakeFiles/cmTC_d9faf.dir/CheckFunctionExists.c.o -c /usr/share/cmake-3.22/Modules/CheckFunctionExists.c
Linking C executable cmTC_d9faf
/usr/bin/cmake -E cmake_link_script CMakeFiles/cmTC_d9faf.dir/link.txt --verbose=1
/usr/bin/clang-14  -Wno-deprecated-declarations -DCHECK_FUNCTION_EXISTS=XOpenDisplay  -stdlib=libstdc++ -stdlib=libstdc++  CMakeFiles/cmTC_d9faf.dir/CheckFunctionExists.c.o -o cmTC_d9faf  /usr/lib/x86_64-linux-gnu/libX11.so /usr/lib/x86_64-linux-gnu/libXext.so 
gmake[1]: Leaving directory '/home/jakob/Documents/gdv/gdv/GDV_exercise08/build/CMakeFiles/CMakeTmp'



Determining if the function gethostbyname exists passed with the following output:
Change Dir: /home/jakob/Documents/gdv/gdv/GDV_exercise08/build/CMakeFiles/CMakeTmp

Run Build Command(s):/usr/bin/gmake -f Makefile cmTC_c6567/fast && /usr/bin/gmake  -f CMakeFiles/cmTC_c6567.dir/build.make CMakeFiles/cmTC_c6567.dir/build
gmake[1]: Entering directory '/home/jakob/Documents/gdv/gdv/GDV_exercise08/build/CMakeFiles/CMakeTmp'
Building C object CMakeFiles/cmTC_c6567.dir/CheckFunctionExists.c.o
/usr/bin/clang-14   -Wno-deprecated-declarations -DCHECK_FUNCTION_EXISTS=gethostbyname -MD -MT CMakeFiles/cmTC_c6567.dir/CheckFunctionExists.c.o -MF CMakeFiles/cmTC_c6567.dir/CheckFunctionExists.c.o.d -o CMakeFiles/cmTC_c6567.dir/CheckFunctionExists.c.o -c /usr/share/cmake-3.22/Modules/CheckFunctionExists.c
Linking C executable cmTC_c6567
/usr/bin/cmake -E cmake_link_script CMakeFiles/cmTC_c6567.dir/link.txt --verbose=1
/usr/bin/clang-14  -Wno-deprecated-declarations -DCHECK_FUNCTION_EXISTS=gethostbyname  -stdlib=libstdc++ -stdlib=libstdc++  CMakeFiles/cmTC_c6567.dir/CheckFunctionExists.c.o -o cmTC_c6567 
gmake[1]: Leaving directory '/home/jakob/Documents/gdv/gdv/GDV_exercise08/build/CMakeFiles/CMakeTmp'



Determining if the function connect exists passed with the following output:
Change Dir: /home/jakob/Documents/gdv/gdv/GDV_exercise08/build/CMakeFiles/CMakeTmp

Run Build Command(s):/usr/bin/gmake -f Makefile cmTC_ce1c4/fast && /usr/bin/gmake  -f CMakeFiles/cmTC_ce1c4.dir/build.make CMakeFiles/cmTC_ce1c4.dir/build
gmake[1]: Entering directory '/home/jakob/Documents/gdv/gdv/GDV_exercise08/build/CMakeFiles/CMakeTmp'
Building C object CMakeFiles/cmTC_ce1c4.dir/CheckFunctionExists.c.o
/usr/bin/clang-14   -Wno-deprecated-declarations -DCHECK_FUNCTION_EXISTS=connect -MD -MT CMakeFiles/cmTC_ce1c4.dir/CheckFunctionExists.c.o -MF CMakeFiles/cmTC_ce1c4.dir/CheckFunctionExists.c.o.d -o CMakeFiles/cmTC_ce1c4.dir/CheckFunctionExists.c.o -c /usr/share/cmake-3.22/Modules/CheckFunctionExists.c
Linking C executable cmTC_ce1c4
/usr/bin/cmake -E cmake_link_script CMakeFiles/cmTC_ce1c4.dir/link.txt --verbose=1
/usr/bin/clang-14  -Wno-deprecated-declarations -DCHECK_FUNCTION_EXISTS=connect  -stdlib=libstdc++ -stdlib=libstdc++  CMakeFiles/cmTC_ce1c4.dir/CheckFunctionExists.c.o -o cmTC_ce1c4 
gmake[1]: Leaving directory '/home/jakob/Documents/gdv/gdv/GDV_exercise08/build/CMakeFiles/CMakeTmp'



Determining if the function remove exists passed with the following output:
Change Dir: /home/jakob/Documents/gdv/gdv/GDV_exercise08/build/CMakeFiles/CMakeTmp

Run Build Command(s):/usr/bin/gmake -f Makefile cmTC_94661/fast && /usr/bin/gmake  -f CMakeFiles/cmTC_94661.dir/build.make CMakeFiles/cmTC_94661.dir/build
gmake[1]: Entering directory '/home/jakob/Documents/gdv/gdv/GDV_exercise08/build/CMakeFiles/CMakeTmp'
Building C object CMakeFiles/cmTC_94661.dir/CheckFunctionExists.c.o
/usr/bin/clang-14   -Wno-deprecated-declarations -DCHECK_FUNCTION_EXISTS=remove -MD -MT CMakeFiles/cmTC_94661.dir/CheckFunctionExists.c.o -MF CMakeFiles/cmTC_94661.dir/CheckFunctionExists.c.o.d -o CMakeFiles/cmTC_94661.dir/CheckFunctionExists.c.o -c /usr/share/cmake-3.22/Modules/CheckFunctionExists.c
Linking C executable cmTC_94661
/usr/bin/cmake -E cmake_link_script CMakeFiles/cmTC_94661.dir/link.txt --verbose=1
/usr/bin/clang-14  -Wno-deprecated-declarations -DCHECK_FUNCTION_EXISTS=remove  -stdlib=libstdc++ -stdlib=libstdc++  CMakeFiles/cmTC_94661.dir/CheckFunctionExists.c.o -o cmTC_94661 
gmake[1]: Leaving directory '/home/jakob/Documents/gdv/gdv/GDV_exercise08/build/CMakeFiles/CMakeTmp'



Determining if the function shmat exists passed with the following output:
Change Dir: /home/jakob/Documents/gdv/gdv/GDV_exercise08/build/CMakeFiles/CMakeTmp

Run Build Command(s):/usr/bin/gmake -f Makefile cmTC_922c7/fast && /usr/bin/gmake  -f CMakeFiles/cmTC_922c7.dir/build.make CMakeFiles/cmTC_922c7.dir/build
gmake[1]: Entering directory '/home/jakob/Documents/gdv/gdv/GDV_exercise08/build/CMakeFiles/CMakeTmp'
Building C object CMakeFiles/cmTC_922c7.dir/CheckFunctionExists.c.o
/usr/bin/clang-14   -Wno-deprecated-declarations -DCHECK_FUNCTION_EXISTS=shmat -MD -MT CMakeFiles/cmTC_922c7.dir/CheckFunctionExists.c.o -MF CMakeFiles/cmTC_922c7.dir/CheckFunctionExists.c.o.d -o CMakeFiles/cmTC_922c7.dir/CheckFunctionExists.c.o -c /usr/share/cmake-3.22/Modules/CheckFunctionExists.c
Linking C executable cmTC_922c7
/usr/bin/cmake -E cmake_link_script CMakeFiles/cmTC_922c7.dir/link.txt --verbose=1
/usr/bin/clang-14  -Wno-deprecated-declarations -DCHECK_FUNCTION_EXISTS=shmat  -stdlib=libstdc++ -stdlib=libstdc++  CMakeFiles/cmTC_922c7.dir/CheckFunctionExists.c.o -o cmTC_922c7 
gmake[1]: Leaving directory '/home/jakob/Documents/gdv/gdv/GDV_exercise08/build/CMakeFiles/CMakeTmp'



Determining if the function IceConnectionNumber exists in the ICE passed with the following output:
Change Dir: /home/jakob/Documents/gdv/gdv/GDV_exercise08/build/CMakeFiles/CMakeTmp

Run Build Command(s):/usr/bin/gmake -f Makefile cmTC_b13f9/fast && /usr/bin/gmake  -f CMakeFiles/cmTC_b13f9.dir/build.make CMakeFiles/cmTC_b13f9.dir/build
gmake[1]: Entering directory '/home/jakob/Documents/gdv/gdv/GDV_exercise08/build/CMakeFiles/CMakeTmp'
Building C object CMakeFiles/cmTC_b13f9.dir/CheckFunctionExists.c.o
/usr/bin/clang-14   -Wno-deprecated-declarations -DCHECK_FUNCTION_EXISTS=IceConnectionNumber -MD -MT CMakeFiles/cmTC_b13f9.dir/CheckFunctionExists.c.o -MF CMakeFiles/cmTC_b13f9.dir/CheckFunctionExists.c.o.d -o CMakeFiles/cmTC_b13f9.dir/CheckFunctionExists.c.o -c /usr/share/cmake-3.22/Modules/CheckFunctionExists.c
Linking C executable cmTC_b13f9
/usr/bin/cmake -E cmake_link_script CMakeFiles/cmTC_b13f9.dir/link.txt --verbose=1
/usr/bin/clang-14  -Wno-deprecated-declarations -DCHECK_FUNCTION_EXISTS=IceConnectionNumber  -stdlib=libstdc++ -stdlib=libstdc++  CMakeFiles/cmTC_b13f9.dir/CheckFunctionExists.c.o -o cmTC_b13f9  -lICE 
gmake[1]: Leaving directory '/home/jakob/Documents/gdv/gdv/GDV_exercise08/build/CMakeFiles/CMakeTmp'



Performing C++ SOURCE FILE Test HAS_SANITIZERS succeeded with the following compile output:
Change Dir: /home/jakob/Documents/gdv/gdv/GDV_exercise08/build/CMakeFiles/CMakeTmp

Run Build Command(s):/usr/bin/gmake -f Makefile cmTC_a9844/fast && /usr/bin/gmake  -f CMakeFiles/cmTC_a9844.dir/build.make CMakeFiles/cmTC_a9844.dir/build
gmake[1]: Entering directory '/home/jakob/Documents/gdv/gdv/GDV_exercise08/build/CMakeFiles/CMakeTmp'
Building CXX object CMakeFiles/cmTC_a9844.dir/src.cxx.o
/usr/bin/clang++-14 -DHAS_SANITIZERS  -stdlib=libstdc++ -Wall -Wextra -Wno-unused-parameter -Wno-gnu-anonymous-struct -Wno-c99-extensions -Wno-nested-anon-types -Wno-deprecated-register -fsanitize=address,undefined,leak -std=gnu++20 -MD -MT CMakeFiles/cmTC_a9844.dir/src.cxx.o -MF CMakeFiles/cmTC_a9844.dir/src.cxx.o.d -o CMakeFiles/cmTC_a9844.dir/src.cxx.o -c /home/jakob/Documents/gdv/gdv/GDV_exercise08/build/CMakeFiles/CMakeTmp/src.cxx
Linking CXX executable cmTC_a9844
/usr/bin/cmake -E cmake_link_script CMakeFiles/cmTC_a9844.dir/link.txt --verbose=1
/usr/bin/clang++-14  -stdlib=libstdc++ -Wall -Wextra -Wno-unused-parameter -Wno-gnu-anonymous-struct -Wno-c99-extensions -Wno-nested-anon-types -Wno-deprecated-register -fsanitize=address,undefined,leak  -stdlib=libstdc++  CMakeFiles/cmTC_a9844.dir/src.cxx.o -o cmTC_a9844  -fsanitize=address,undefined,leak 
gmake[1]: Leaving directory '/home/jakob/Documents/gdv/gdv/GDV_exercise08/build/CMakeFiles/CMakeTmp'


...and run output:
test
Return value: 1
Source file was:
#include <iostream>
int main(int argc, char **argv) { std::cout << "test"; return 0; }
